998357510
1996248297
2993846401
3990918855
4987677483
5984364401
6980884556
7975993043
8970945352
9965767393
10959365956
11951333537
12942740186
13934105855
14924289198
15914021596
16902859878
17889723217
18876533681
19863063961
20849386081
21834748055
22819418018
23803973294
24787651508
25769957519
26751854104
27733749238
28715389567
29696760562
30677990958
31657300786
32635714815
33613676975
34589616889
35564655779
36539325970
37513943999
38488117169
39461822869
40435331431
41408162846
42380966675
43353554657
44325494321
45296779572
46265665841
47234285176
48202553226
49170737298
50138830201
51106619328
52074309898
53041783359
54009045547
54975915483
55941882087
56907112134
57870785739
58834026663
59796969738
60759520166
61718721561
62677622407
63635262181
64592770275
65549703920
66506565822
67462447634
68418007024
69373342848
70327286098
71280453202
72233611477
73185605199
74137490726
75087782380
76038066853
76988249608
77937378707
78886488490
79835593320
80783918298
81731547322
82679037677
83626176002
84573143262
85519455721
86465189967
87410902972
88356227245
89301286688
90244357223
91187413877
92128293026
93068775583
94009218857
94949255769
95889203439
96829054444
97768179194
98707112498
99645785886
100583441661
101520387883
102457184776
103393796340
104330288099
105266515870
106200088830
107132822094
108065458926
108997385747
109928125596
110858601317
111788295073
112717743635
113646909683
114575777859
115504246010
116432301864
117360179930
118287878239
119214841362
120141287901
121065015073
121988730671
122911903067
123833180193
124753352598
125673056157
126592034365
127510932859
128429600691
129347555147
130264318127
131180750808
132095084508
133008651372
133921806167
134834248825
135746284157
136658215193
137569912231
138481301404
139392127183
140300489733
141208319486
142115403038
143022339192
143929078230
144834834810
145739974522
146644953083
147549547240
148453556178
149356949487
150260136824
151162955049
152064896279
152966332377
153867473869
154768491872
155669413263
156569904976
157469883376
158369490238
159268785154
160167932762
161066287507
161964084654
162860484185
163756587775
164651544573
165546214548
166440659652
167334203164
168227153859
169118493704
170008179316
170896710984
171784224402
172670900660
173556835191
174442692731
175327813283
176212454107
177096927737
177980984374
178864819797
179748344152
180631344104
181513457208
182394705876
183275900872
184157076124
185038063799
185914777603
186790941142
187666608565
188541218290
189415508980
190289445348
191163129946
192036003605
192908605083
193781011464
194653026876
195524556545
196394898344
197265120675
198133320910
198999522548
199865438764
200731263106
201596751610
202462131367
203327377886
204192582623
205056642032
205920628311
206783694811
207646631274
208509394941
209371416306
210233303192
211094904890
211956285847
212817500298
213678595326
214539180799
215398193194
216256415926
217114335951
217972189212
218829587744
219684901383
220539232407
221393443872
222247491261
223101227498
223952769809
224801850980
225649256733
226494323194
227339198756
228183857780
229027903183
229871819916
230714289032
231555331634
232396354580
233236567000
234076747357
234916564907
235756002822
236594992937
237430229635
238265176523
239100040259
239933017702
240765647680
241598124791
242430595481
243261755768
244092587758
244922907394
245752339877
246580683265
247408741348
248236674233
249063434417
249889626165
250715592427
251540101476
252364022573
253185171298
254005304391
254823951002
255641534420
256458229972
257274894572
258090908966
258905246962
259719396544
260532837046
261345537121
262156065262
262965016018
263773564844
264581306010
265388277998
266195047249
267000644558
267806106594
268611111591
269415516008
270218790375
271021457765
271823815742
272625973602
273426360597
274226521681
275024560005
275821005683
276617184053
277410949986
278204695325
278997377782
279789753246
280581935084
281373325806
282164506500
282954602449
283744305197
284533463540
285322056848
286110333929
286896489027
287679893306
288463038245
289246055020
290028825091
290811275533
291593621014
292375611151
293157072640
293937820682
294717611978
295497012817
296275428229
297053660984
297831688828
298609567793
299387044318
300164174226
300940630065
301717022567
302492114781
303266718983
304041149739
304815325114
305589409720
306362888282
307135420414
307907644100
308679189175
309450641554
310222077379
310991938847
311760983647
312526835654
313292588400
314057623947
314822338025
315585998155
316349269702
317110748632
317871225780
318631416224
319388031797
320143303135
320897547548
321650725269
322403646520
323156166829
323908192347
324657097538
325405084443
326152562752
326899354857
327645229194
328390663255
329135747646
329880785294
330625717636
331368135416
332110382472
332852574401
333592821862
334332323547
335070720960
335807388996
336543662432
337278800434
338013072872
338747134225
339481094560
340214976117
340948434335
341681120037
342413309133
343144742276
343875065355
344604810371
345334032988
346062051669
346789676918
347517007165
348243693924
348969936290
349695267652
350420585680
351144211396
351867782735
352591079644
353313954774
354036691882
354759129377
355480944795
356201392415
356920994965
357640352014
358358863598
359076284918
359793257031
360509053868
361224638596
361938472347
362651859762
363364067704
364075863039
364787138768
365497272424
366206445590
366915419523
367624350349
368329654534
369032169364
369734638723
370436930002
371138296889
371838929542
372538885832
373238665262
373938193852
374637120574
375333789208
376029746582
376725041477
377419053325
378111607999
378802461641
379490442026
380178138291
380865756911
381552628234
382238865192
382924427441
383609717688
384293051693
384976370420
385659545279
386340822127
387022073870
387703287599
388383438490
389062820347
389741800575
390420656432
391099424455
391774633163
392449592932
393124522931
393797715310
394470616830
395140920498
395809113891
396477271152
397143103482
397808861510
398473091327
399137245049
399800797849
400464057565
401126027067
401786936632
402447478497
403107926195
403768330864
404428531751
405087945078
405745358425
406402345641
407058138563
407713113220
408366767818
409017903440
409668761279
410319553647
410969473211
411619388172
412267121640
412914526352
413561776746
414209026488
414855884411
415501950541
416145872781
416789695712
417431715810
418072539886
418713348983
419353224729
419992466421
420630451156
421266977890
421903353530
422538627174
423173131499
423807477379
424440742631
425073357213
425704894731
426336301306
426967704671
427598567528
428228406934
428858060090
429487316901
430116498311
430744850870
431371482958
431997816605
432623803715
433249418145
433873995667
434497962453
435121586028
435744943061
436366203423
436987376751
437607483978
438226730652
438844460480
439461614928
440078581004
440694756095
441310726879
441924676582
442536865746
443147073223
443755876299
444364041197
444971860373
445579554757
446185803415
446790789637
447395581253
447999460736
448600953218
449200483503
449798720796
450395535559
450991661530
451586898853
452181969536
452776633442
453371133230
453964792183
454556810171
455147946967
455738767686
456328964802
456918710537
457507551255
458095825379
458683753665
459271381229
459856542579
460440490394
461023938375
461606609159
462186482207
462765002135
463339060313
463910936237
464482188976
465052478096
465622220083
466189573891
466755494891
467320846061
467884864901
468448403487
469011091356
469573039920
470131757356
470688854104
471243894195
471797357986
472343767074
472888882063
473433463329
473976994877
474517151755
475057212414
475596140788
476133681844
476669554967
477205148005
477737868694
478268379995
478796598768
479324570260
479852030031
480379387449
480905112070
481430670689
481955061404
482475908661
482993896600
483511743560
484028584604
484544806548
485058748307
485571854946
486083910922
486595312693
487105194851
487615065923
488123200463
488629928295
489134826908
489639281874
490141708003
490643044032
491142694051
491642034937
492138681987
492632589940
493126211279
493618625943
494110685544
494601727781
495091030494
495580271165
496068208485
496555600841
497041731216
497526473345
498010783505
498494669223
498978435016
499461485442
499943133797
500423646116
500904092809
501381795271
501859117376
502335860320
502811950267
503287722718
503763323280
504237978052
504712565355
505186743558
505660193313
506131975474
506602023520
507072049234
507540517873
508008757386
508475086214
508940864236
509406134682
509870836350
510335466789
510799860427
511263983092
511723093323
512182047021
512640633859
513098630031
513551264816
514003048916
514453917009
514902941113
515351828701
515798824281
516243535103
516688229590
517132606191
517575449267
518017175984
518454649983
518887787103
519320486815
519753005392
520185126777
520616929439
521047018615
521476269504
521901898079
522324914279
522747619162
523166144660
523583463772
523999117726
524414769117
524828232178
525241486880
525654410275
526066601667
526478421702
526886027559
527290305574
527692046480
528093197119
528490669783
528887526314
529283135664
529677478214
530071550846
530460456408
530848735647
531234321031
531619806911
531999038741
532377610520
532751516576
533124126671
533496436406
533867631547
534237514229
534603774047
534968340702
535330227047
535691446712
536052318088
536411927010
536769817503
537124069952
537475368293
537824688851
538173380420
538518172402
538861702949
539197833647
539533846674
539868519451
540196896585
540521829959
540845274598
541167632321
541481477409
541792796365
542103993389
542413068225
542722028964
543030742333
543338194497
543644500443
543950186366
544249923411
544537477721
544824607508
545111719135
545396949947
545679102819
545957789229
546235925206
546513649204
546791256575
547065302490
547337728873
547609819198
547881534747
548151064261
548419492109
548685571583
548951114571
549213898221
549473162216
549727539490
549981266834
550234815582
550483631214
550731438001
550975101161
551217947264
551458099994
551694637306
551929894955
552163112076
552393481978
552623006192
552852437851
553081013304
553309311677
553537302394
553761791991
553980144180
554197622286
554413815141
554629369382
554840394841
555046962874
555252425792
555457685009
555660809505
555862358475
556063313584
556263202706
556462808507
556661961443
556858599213
557052596508
557246114326
557437561828
557625959682
557814147247
558001661021
558184816268
558367861368
558549388891
558727903550
558906133476
559084237754
559261257219
559437993971
559612715186
559781533649
559949175056
560115332697
560281130407
560445404716
560609022169
560770863038
560931054951
561089440277
561243537380
561394041421
561544467782
561691843561
561839179162
561984928770
562129471626
562273480663
562416909748
562560178780
562702207984
562841571303
562980747201
563115039865
563248638643
563376465029
563503211483
563628792973
563754304786
563878980763
563994721648
564109024800
564222439998
564334347097
564445865543
564556689965
564667513336
564778229461
564886167243
564993177058
565099397317
565204436749
565308300523
565412079596
565514421079
565615548789
565716584821
565817602411
565918301017
566017596098
566116059805
566213188238
566305159841
566395824220
566485764163
566567909546
566649265152
566729412879
566809122012
566884282050
566958920268
567033439646
567106282849
567174366085
567242000708
567307765542
567370252768
567432465358
567491286713
567545814379
567596902218
567646767085
567696018727
567742953294
567784916604
567822024896
567855844475
567880545229
567902938954
567925260314
567946675269
567966242480
567983318992
567998543870
568013680308
568019930259
568024897130
568028878347
568032070723
568034486806
568036560445
568031556580
568005303950
567976098073
567932322800
567885835847
567837151213
567785672817
567721028771
567652601659
567570787010
567488291490
567384292322
567264491592
567139191075
567005606552
566866074990
566724509499
566516170828
566300197753
566067224671
565821306495
565561630957
565287520482
565006531402
564703922936
564384210171
564063493437
563734879007
563402111599
563068147050
562715611450
562360391368
562000466795
561639920058
561275279639
560892834629
560496349451
560099444451
559694277569
559284692061
558874570217
558451073926
557996116581
557496243139
556924117232
556350725971
555723704928
555077895372
554411255887
553731878391
553044852067
552274487720
551483676306
550679884083
549854548659
549025664543
548193174067
547322685104
546439915713
545454694862
544391706854
543296878408
542200442552
541088629806
539976161859
538856269986
537725387275
536576527001
535230150296
533882803150
532534188230
531157194364
529619302804
527989037285
526328009132
524617105898
522885250876
521111192413
519333532830
517456615915
515165151994
512797343523
509437705296
505222743506
500746274810
495318830313
487780856033
475904924183
