999322889
1998056939
2996017867
3993495055
4990726911
5987477582
6982565009
7977234604
8971753561
9965292739
10958348124
11951036337
12943147163
13935156424
14926989323
15918739480
16910435729
17902095633
18893551350
19884244951
20874733878
21864428245
22853429779
23842328254
24830128912
25817894602
26805064951
27792106767
28778885404
29765330287
30750634970
31735102766
32718616235
33701204167
34683745100
35666071584
36647863162
37629230781
38610539002
39591482267
40571421476
41549809846
42527973749
43505127587
44481886673
45457731106
46432625712
47406438549
48379914359
49353203075
50324733812
51296206343
52266902182
53237081025
54206592221
55175648820
56144536369
57112546544
58080434418
59047763551
60015018177
60981923735
61947871762
62913769720
63878800683
64843626876
65808151909
66771972544
67734430759
68696384327
69658063927
70619291411
71580105012
72540290223
73499967849
74459513575
75418743944
76377395781
77335987244
78293757238
79249858077
80205717872
81161462451
82115833341
83069562905
84023136494
84976475233
85928964557
86881111086
87832651390
88783158180
89732482991
90680197418
91627905088
92575590248
93523237482
94468838954
95414054787
96359256723
97304073068
98248109578
99191495452
100134853968
101077730334
102020508838
102961455262
103902249250
104842529063
105781587586
106720534881
107659418232
108598083967
109536564002
110474919179
111413232598
112350554041
113287720754
114224813150
115161469656
116097010516
117032396858
117967085533
118901678455
119835150504
120768141265
121700771637
122631811715
123562260848
124492701724
125423047237
126353376648
127283031346
128212507022
129141859562
130070692110
130998742115
131925888284
132850866760
133775595665
134699678794
135622516360
136545109616
137466428670
138386966715
139307247836
140227449331
141147249981
142066368689
142985038838
143902972229
144820895005
145735415936
146649908519
147563889619
148477617314
149390282755
150301606420
151211957745
152121588253
153030009267
153938395547
154845865716
155752294566
156658310584
157562609497
158466773400
159370923159
160274024531
161176773589
162079505051
162981729202
163883673208
164785190388
165686603591
166587957257
167487926400
168387709939
169287072786
170184018483
171080668343
171976613380
172872539210
173767756963
174662810593
175557491951
176451885514
177345719301
178238648193
179131430289
180024140010
180914825984
181804819627
182694394824
183583798025
184472338015
185360402177
186246756247
187132327985
188017656902
188902299734
189786028937
190669242768
191551721528
192433134991
193314226621
194193559552
195069714666
195945812126
196821726599
197697543892
198572985675
199446861519
200320645637
201194410453
202068009692
202941599117
203813859581
204685817543
205557230887
206428370354
207299228053
208168845613
209038432275
209907786957
210776635126
211644884246
212511083855
213376625419
214241827929
215105713234
215969310747
216832253024
217692739761
218553097939
219412561682
220271934871
221130941241
221989113517
222845535517
223700696805
224554600374
225408033480
226261175408
227113388901
227965499765
228817544360
229669331099
230520810198
231371585326
232222357653
233072849578
233922789671
234771794813
235620789224
236469712349
237318454801
238167182580
239013879886
239859608400
240700995944
241540987390
242380830776
243219743297
244058496094
244895889070
245733142147
246570273155
247407391808
248243540734
249079509641
249915321829
250750191042
251584438400
252416086563
253247584946
254077643790
254907618016
255737323350
256566942193
257396494599
258225941182
259055054319
259883945620
260712802719
261541404097
262369479521
263195318399
264020059426
264843411406
265666754660
266489675395
267309825733
268128781875
268947157457
269765296855
270583332764
271400716890
272217291864
273033707122
273849973519
274665624986
275480220174
276294572741
277106775625
277918954624
278730687564
279542261893
280351536032
281160578924
281969372730
282777424340
283584807977
284391750145
285198375738
286003993221
286809420203
287614081979
288418634278
289222957679
290026592060
290829605171
291632047448
292434057395
293235883843
294035711414
294835404128
295634379940
296433307440
297232211170
298030693493
298828793353
299626706734
300424583026
301222000411
302018641684
302814893269
303610746889
304406380467
305199778271
305992659422
306785004065
307577119108
308369196179
309160229120
309949431079
310738480621
311527363869
312314404827
313100684172
313886415511
314671150792
315455656684
316240034687
317022809253
317805411214
318587906859
319370132541
320149917854
320929380695
321708712915
322487751764
323266424177
324044884977
324821494637
325596561187
326371123049
327145317647
327914808388
328684106839
329451884632
330218136744
330984205461
331749584219
332511622703
333272957240
334034285719
334795053492
335555813336
336316272682
337074284680
337831717656
338586368978
339340153069
340093061683
340844964344
341593497842
342338546846
343083070826
343827401267
344571064459
345314579434
346057777200
346800656722
347543053263
348284674156
349024286033
349763317051
350500361209
351235574356
351967507631
352698603850
353428436044
354158024181
354887380497
355615988005
356344157358
357071987933
357796601857
358519700011
359242691053
359965526214
360688353385
361410792861
362132903094
362853842367
363574662059
364295329074
365015606292
365735642604
366454808098
367173521019
367891900704
368609602421
369326902543
370042917662
370757312859
371471005601
372184358855
372894901922
373605386891
374315817989
375025194918
375734411427
376442314896
377147623973
377852790752
378556071472
379258832869
379959406971
380659517313
381358258463
382056718198
382754530547
383451456226
384147331893
384843147029
385538417322
386232355184
386925844695
387618934449
388311858243
389004425288
389696271120
390387656357
391077731139
391767680191
392457534901
393147308741
393836951583
394526190024
395214193491
395901175548
396587722070
397274223195
397960529460
398645485450
399330181666
400012013830
400691305377
401369750413
402048103186
402726356513
403403417034
404079276107
404754072067
405427947566
406100531987
406771347598
407440818253
408110072212
408778751301
409445207814
410108605199
410770234390
411431225780
412089491398
412746759075
413403122342
414059402128
414715158395
415370855271
416024800794
416678734091
417332043513
417984258836
418635640123
419286779459
419937402173
420587842849
421237324996
421886222828
422534388551
423179971608
423824583966
424467508487
425110252518
425752606615
426393446193
427033343075
427668970334
428303865249
428938743979
429573486692
430206115424
430834817995
431461966241
432088846639
432715659786
433341243383
433965986279
434588225190
435210249391
435830914895
436451078904
437069523961
437687261170
438304930594
438922202105
439538024102
440153640490
440768369250
441383063729
441997538415
442611712559
443225215926
443838582727
444451613047
445064368222
445676924992
446288492453
446899102618
447508504739
448116877698
448724071412
449330925574
449937393616
450543690140
451149575712
451755459213
452360612286
452964217272
453566863466
454168993197
454769026999
455368727685
455968407643
456568078015
457167205112
457763969438
458358104926
458952070631
459544260090
460135984865
460727031826
461317835776
461907940684
462496798806
463082044539
463666291900
464249361827
464832425889
465414958816
465996278136
466575455730
467153624317
467727269995
468298985326
468869868510
469439020106
470006459972
470572740142
471137481483
471701928657
472266256974
472830574559
473392952201
473954588828
474514623349
475074646287
475633908294
476190908060
476746957031
477302911638
477857394400
478411553478
478963117772
479512380612
480061467389
480610175400
481158326360
481705147793
482251824198
482794981368
483336177712
483876325392
484415651356
484954456756
485492367113
486028442246
486563569324
487097951966
487632223133
488166306716
488700320211
489233265878
489765021220
490293028000
490820839400
491347549867
491872852463
492396486564
492917164924
493437214290
493957202729
494473748129
494989007983
495503762035
496016224701
496527822629
497039097107
497548717402
498055729615
498562740911
499068631340
499572604634
500076076608
500579293550
501082072527
501584315345
502086250253
502587134267
503087780620
503585954247
504081477969
504576970570
505071459275
505564535162
506055486105
506546072717
507036333004
507526232864
508015522088
508504600276
508991560002
509477646254
509963543401
510448101453
510932621268
511416031262
511899346005
512381317788
512862118676
513341651300
513820608158
514297358815
514773039072
515248689601
515723809246
516197846181
516670926027
517142050078
517612592713
518078109596
518543309160
519007384098
519465060219
519918571531
520371284708
520823701624
521274900707
521723214436
522167916868
522612118606
523055480452
523497652823
523938599150
524378636313
524818646006
525256961783
525694772914
526131403550
526566227709
526999247886
527428854584
527856259575
528283126691
528708448644
529133256446
529556069829
529976863087
530395710443
530812935469
531229271938
531644852219
532057139574
532468518059
532879099892
533289658389
533697923419
534103991169
534508481451
534909139319
535308664641
535707561790
536105493585
536503246431
536898555663
537293586533
537687331832
538080794106
538473591706
538864352595
539254983466
539644526505
540033661417
540422691324
540810221060
541194780402
541579081754
541962447982
542344742695
542724564469
543098709724
543472778321
543845249072
544214895385
544579848098
544944559420
545307340377
545666201327
546024347855
546379248260
546732291941
547083482965
547433686104
547778922565
548122352746
548464869312
548804782033
549143782759
549476378599
549807182615
550136284292
550465219961
550792556484
551118257273
551440507791
551760391865
552079802652
552398225958
552716577454
553034011139
553351042427
553667999453
553981670226
554290218953
554592947588
554894132970
555193388948
555491193860
555785614879
556079637922
556372879278
556660625864
556944779191
557228412859
557511219747
557793445525
558075613882
558355857445
558635124260
558913344542
559191545422
559466736975
559741759420
560016418384
560290994602
560565106872
560838303406
561109503885
561380642263
561651206804
561918714113
562182470305
562444254163
562705598902
562966527829
563227133036
563484739420
563741142288
563997247428
564252331655
564505822498
564757259214
565004889490
565252104987
565495644552
565739063416
565981656068
566223016646
566464335457
566698421101
566931652867
567164558862
567396715131
567626834823
567855161530
568082751764
568302807134
568519019834
568732561476
568945708709
569157212331
569364069682
569568152742
569770458377
569969029031
570154226578
570335526135
570516417144
570696389864
570871723389
571046159979
571220163097
571392239267
571560017305
571724920848
571886460076
572046574581
572206433827
572364461115
572519145111
572673617551
572822657467
572968010063
573106248987
573243575602
573380116742
573516422218
573651854599
573786276555
573918373265
574048672799
574174123189
574297022926
574417049018
574535006207
574650812635
574765300807
574868196418
574970593674
575072589434
575174324499
575276012665
575377689556
575474663759
575570483976
575665374878
575757882322
575850274679
575939370139
576025105213
576106498001
576185986526
576264355777
576340666582
576416695305
576490630291
576561770831
576631525702
576700672842
576768487439
576835380452
576901093745
576966236025
577026846630
577086339868
577144833480
577201902600
577254468487
577306760200
577357847020
577408545903
577458516001
577503840028
577548850381
577593017969
577634924478
577668562802
577701034986
577732527805
577761539088
577782842649
577803844384
577823914532
577842174807
577848810695
577855385809
577844981991
577833660905
577806037576
577759924954
577703757694
577640700202
577573718601
577487545369
577382694324
577273341336
577163492280
577047069986
576925821336
576803930808
576662294229
576519203548
576372383352
576208871594
576044820671
575876275092
575700700733
575520732507
575335661035
575145968051
574945551033
574737064824
574521879583
574297265915
574064334683
573828727607
573585571832
573337328932
573079152219
572787533857
572489370017
572180390621
571869423665
571543717209
571198408345
570796027702
570385162874
569973213680
569555792596
569127763827
568684889721
568240176627
567770426207
567298288996
566811721406
566312456420
565801019301
565281275939
564758392299
564231135994
563703077667
563163020786
562571345659
561943198264
561270599783
560569000033
559841467462
559085306419
558312486876
557535949619
556743268098
555948558607
555104680613
554256715569
553206784334
552145191701
551027904677
549801669407
548573487073
547336135523
546003902078
544559666263
543009239624
541438873582
539701968452
537873348296
536019715449
534026005035
531961713431
529675763940
526926207894
524018027244
520776695884
517138710557
512762783216
506754666788
499988999652
490985088105
