999414447
1998281751
2997038016
3995016023
4992801060
5989228960
6985626582
7979095418
8972377888
9965176774
10957615969
11949735509
12941817935
13931985839
14920839233
15909642736
16898241328
17886708065
18874980852
19862795119
20849969664
21836019646
22822034644
23807895343
24793020335
25777770542
26762515963
27746626216
28730395608
29713460447
30696345685
31678901650
32661187410
33642862173
34624120894
35605011802
36584039998
37562877649
38539068070
39515208017
40491230875
41466969810
42439142579
43410809494
44381284775
45351390446
46320976911
47288821740
48255715808
49222028230
50187915927
51153219070
52118364165
53082620970
54045770168
55007906611
55969781988
56931447654
57892529213
58852458147
59812315577
60772064531
61731550464
62691024994
63649160229
64606961944
65563138739
66519278957
67475023539
68428890560
69381915808
70334719471
71287206553
72239651291
73191548041
74142888890
75092816383
76042043644
76990915309
77938778109
78886202789
79832965465
80778943743
81724773980
82670045444
83614217439
84557998728
85501433695
86444036923
87386380544
88327407053
89267934539
90208446058
91148944697
92088629649
93028098377
93967154275
94906085982
95844802642
96783362117
97721023914
98657854827
99594012033
100529196453
101464096028
102397085662
103328355719
104258962590
105189499183
106119227461
107048735885
107977820219
108906002114
109834114381
110761272112
111688360012
112614570967
113540149615
114465706747
115391132519
116315878294
117240157053
118161110120
119081193804
120000328042
120918155343
121835288620
122752079773
123668470158
124583689955
125496854938
126407973006
127319012911
128229467396
129139556084
130048770138
130957583290
131866346375
132774981375
133682196954
134589289320
135495671524
136401915639
137307514689
138211468372
139115382215
140018596629
140921803408
141824479772
142726652324
143628641346
144529533690
145429949151
146329931094
147228106260
148126251785
149024316824
149922252132
150819907092
151716928894
152613337407
153509632938
154405297859
155299541698
156192688077
157084738999
157976512875
158867636375
159758257122
160648044581
161537708216
162427250872
163315290281
164201936605
165087608832
165972229902
166855873198
167739006613
168622028617
169503722493
170382674006
171261604674
172140176536
173017704979
173895201900
174772080783
175647880683
176523394458
177398361225
178273077547
179147760493
180021834039
180895681775
181768891140
182641880931
183514831396
184387762739
185260565288
186130760650
187000951107
187870710494
188737708764
189604397127
190470679796
191335625782
192200425121
193064761014
193928876171
194792405190
195655563925
196517738184
197376525074
198235229686
199091596136
199947494503
200801740770
201655979492
202509906111
203362667832
204214734218
205066629844
205918333968
206769845741
207621122997
208471974777
209322306918
210172205921
211020886228
211869444570
212717925818
213565920707
214413518687
215260941486
216108361665
216953852915
217799050112
218643901870
219488215570
220331789634
221174766055
222017617861
222857788967
223697568137
224536319406
225374806381
226213051031
227048933344
227884673917
228720234871
229554667705
230387850486
231221001981
232053849546
232886445507
233718448364
234550399993
235382096894
236213784494
237045073111
237876168237
238707186096
239538082613
240368708673
241195272024
242021284830
242845637747
243669489193
244491745921
245313749780
246135119423
246954718941
247773291477
248591575790
249409591586
250227470822
251042892977
251858129512
252673027006
253487811387
254296736985
255105470822
255913692603
256719832239
257525114050
258329773695
259133266783
259936278480
260738966267
261540947075
262341599705
263141344871
263937599440
264733008907
265527473669
266321852852
267115726216
267908408315
268701037456
269492632770
270284035245
271074379314
271863131582
272650354995
273437073930
274223164033
275008006588
275792743328
276576543534
277360137660
278143471732
278925623571
279706840143
280486191866
281265235749
282043917351
282821879383
283599817213
284377418101
285154323459
285930354641
286705601457
287480512302
288254853142
289029142455
289802644540
290576111656
291349361253
292121244398
292892621289
293663433435
294433906622
295204360304
295974433104
296743494210
297512340366
298281146855
299049843020
299818105166
300583245163
301348098041
302112933483
302875597576
303636268991
304395321412
305154213570
305913038753
306670523481
307427820262
308184555612
308940564102
309695815113
310450419796
311205005934
311958134974
312710861374
313461407006
314208596784
314955552945
315701718364
316445691623
317189579820
317932370540
318672549184
319412507203
320152381420
320890690143
321628896116
322365970659
323102634502
323838680067
324574563570
325310200334
326045785804
326780127651
327514069898
328245467787
328976236671
329705293203
330432647610
331159397472
331886001933
332612068040
333336414373
334059521133
334782525829
335503413578
336223225074
336942721340
337661098749
338375510903
339089766331
339803777385
340517142485
341229313587
341941440668
342653169197
343364449378
344075138159
344785347907
345495130093
346204717415
346913334184
347620476820
348327230416
349033828423
349738307402
350442457138
351144760995
351846544228
352546058011
353244858249
353943624098
354641403878
355339058472
356035091105
356729643758
357422647180
358115648206
358808260248
359500364286
360191842062
360882590127
361572701733
362262710230
362952299518
363639958089
364326691914
365012868907
365696166020
366375334532
367053850976
367731948486
368409918918
369086143164
369760100910
370433553402
371106734495
371778300159
372449340286
373119710256
373790061232
374460364770
375128562365
375796584369
376464356521
377132037089
377799366271
378466201661
379132518581
379797911421
380462922313
381127575606
381789045090
382450422918
383110836834
383770735017
384430131608
385088636253
385745847530
386402740801
387058592407
387714083071
388367909376
389021003306
389673142434
390324216222
390975169500
391625859353
392275179485
392924406767
393573367034
394222147318
394869178454
395515857341
396162100948
396807983222
397453274641
398095976576
398737475025
399377911398
400016829353
400655473617
401291053962
401925496751
402558944713
403191884252
403824269043
404456509573
405087586055
405718171908
406348395700
406977906314
407606946017
408235668877
408863915756
409491507427
410119038897
410743325053
411366450205
411987598712
412608279032
413228536271
413848568703
414467758974
415085422566
415701445928
416317201332
416932573844
417547114989
418158828539
418770107628
419381215622
419992313284
420599623361
421205614321
421807408896
422408200409
423008830526
423609197135
424209421825
424807444500
425405453967
426000749188
426595278466
427189280783
427780833865
428369701755
428958097067
429546401687
430134585392
430721510115
431307810977
431893061503
432476290510
433058114558
433639875443
434220535376
434801163032
435381283043
435961344904
436540642862
437117048017
437693226754
438269360226
438845413825
439420597960
439995697877
440570354376
441143337625
441716145942
442288799353
442860835249
443432063450
444001472166
444570729879
445139446632
445707874634
446276109860
446842923083
447407711340
447971974859
448535727626
449098424536
449660698138
450222173851
450783554949
451344510010
451904686629
452464047566
453021738467
453579326490
454136482859
454693531518
455245233106
455796114196
456346415518
456896666647
457445713837
457993838538
458537912799
459079003969
459619442517
460159672713
460698878423
461237803469
461774987058
462310619875
462844587404
463375798818
463905770909
464433339426
464960733499
465486178191
466011387124
466536023434
467058172105
467580054652
468098042806
468615743603
469132423593
469648307253
470163543498
470678302616
471192355701
471706319373
472219417341
472732004617
473244493238
473753924893
474262696105
474766770036
475269776198
475771941017
476273565477
476775064893
477276464743
477777545691
478278381829
478778857952
479277144557
479773593860
480263835602
480751438959
481238163780
481724135538
482209387511
482694376005
483178492927
483662328396
484145899496
484629457752
485112565633
485595436474
486077120494
486558065052
487037924214
487517281160
487995687730
488473730236
488951563359
489427498460
489902022497
490376186291
490849003829
491321463879
491792970455
492263027243
492732548205
493200789894
493666242773
494129494099
494592700081
495055469587
495515937156
495976267676
496435610021
496893871193
497351641147
497806539638
498256572377
498705962852
499154870286
499603296379
500050646095
500497135858
500936415625
501374894750
501813244730
502251026910
502686194093
503121268351
503556158981
503990481940
504423757057
504853747795
505282791090
505710762240
506137790527
506564514363
506990878157
507414100624
507837251811
508258680571
508679602859
509099014455
509517838814
509936000670
510353758818
510771346878
511182918196
511590847027
511996989952
512402810793
512808440721
513213419820
513618390393
514023050093
514422308392
514820833358
515218640331
515615926164
516012377809
516408116816
516803223140
517196715736
517587499010
517974867222
518360511587
518745933201
519129278806
519510919172
519888576613
520264145159
520637679867
521011139926
521379562899
521746638228
522113466476
522479188570
522844006251
523208801968
523567265353
523917853177
524263831336
524608740597
524947653706
525285425138
525620768019
525954627864
526288092444
526619234581
526949104483
527278603293
527607990292
527934955657
528260654237
528586086163
528910726010
529233024253
529551760248
529869090676
530183677996
530498033196
530805805379
531111418157
531413806907
531716163962
532016145796
532312586866
532607709007
532902802698
533195754515
533488449365
533780676888
534071775628
534362128278
534650061166
534937632584
535224689370
535511630920
535798392609
536084877577
536371118104
536656447354
536941389211
537225819236
537508918024
537791192051
538069586937
538340980671
538609301996
538876330113
539143244437
539408123362
539672336069
539935542538
540194578939
540452850878
540710035201
540967147660
541224166114
541479648666
541734293751
541988677783
542242634107
542495334987
542746527425
542997343819
543242570810
543484430105
543725345574
543963216607
544199238636
544434640119
544669298048
544902432988
545134116206
545364979005
545595609548
545824078751
546048585509
546272516962
546495574206
546717757386
546938995463
547156351193
547372113046
547587594454
547802423059
548016461029
548228861574
548439045794
548645718913
548851864582
549056998565
549257644088
549456325779
549653892473
549846647040
550038628694
550227367788
550415971161
550604151695
550792300034
550979525932
551166427590
551352436061
551535577288
551718501745
551901050017
552081888621
552262225031
552442382596
552622230502
552801041462
552978644150
553155772748
553322916447
553489748022
553655303253
553820313588
553981783773
554142304109
554299080496
554455820347
554605609779
554753672569
554901646191
555049091999
555195045444
555339842169
555482456506
555623047315
555760735506
555893973212
556026504497
556155230504
556282022464
556408234737
556534075854
556652661367
556768297557
556879830995
556985487698
557089678393
557193732711
557296763925
557391002303
557484935571
557575700797
557666463699
557756703609
557843952864
557921589111
557998197238
558072676033
558146090183
558217848810
558288692503
558359002343
558425985091
558492145005
558557287217
558620847409
558683715445
558744742077
558804066424
558860127575
558910910085
558960246165
559006973298
559047954295
559087588120
559125989591
559162561528
559197855231
559233062478
559266799306
559294399954
559318534401
559340449586
559362052777
559382008590
559398634669
559409065383
559417634793
559423394876
559428328132
559430793190
559431888617
559430072490
559424140114
559417517979
559403342549
559364157657
559318938205
559267822477
559214630506
559143728495
559071964141
558999734127
558927251467
558822899123
558709811275
558576980730
558435976808
558285650007
558130637676
557970747684
557805387052
557622911710
557440032163
557252672651
557055675329
556852898715
556645714305
556436473560
556221108776
555992277217
555746382644
555466654043
555181604305
554896524949
554604734081
554278425515
553942730067
553594112455
553234750570
552874463300
552512580795
552129301599
551715232616
551298978654
550877314096
550442008900
549999228889
549539153180
549078427201
548610310284
548121572239
547616187870
547076082191
546529083246
545913438748
545289323483
544659906257
544008664896
543307048484
542567875851
541827455663
541084402470
540325501698
539539673493
538734413181
537911597329
537029600842
536049065270
535045182220
534028781993
532939658242
531748239679
530463638868
529110684060
527743285248
526354913161
524958441155
523392121946
521741783604
520071855686
518158600711
516096096332
514004166658
511614079759
509125154145
506459927732
503671403513
500336927357
496968867842
493346445630
488861241687
