999943729
1999798821
2999628297
3999360849
4999080812
5998763947
6998379431
7997923036
8997399389
9996820333
10996133948
11995027742
12993875865
13992541544
14990965063
15989381070
16987526773
17985369899
18983189009
19980579749
20977872353
21974932983
22971914003
23968494840
24964897337
25961228107
26957435902
27953620542
28949761137
29945788998
30941588530
31937325711
32933034931
33928729628
34924265715
35919719076
36915146810
37910529346
38905876769
39901101723
40896153108
41891080148
42885856613
43880624256
44875258441
45869883413
46864263979
47858544054
48852690002
49846430975
50840128185
51833585401
52826841576
53820047680
54812996331
55805784188
56798413441
57791015655
58783594938
59776167510
60768675651
61761182727
62753648569
63746084698
64738354064
65730548654
66722615248
67714638165
68706625744
69698565125
70690383456
71682120160
72673836383
73665450485
74656862343
75648087892
76639201249
77630231694
78620930017
79611557241
80602145213
81592657739
82582896968
83573085464
84563183765
85553264403
86543293965
87533280685
88523098159
89512771520
90502270884
91491653277
92480986741
93470301204
94459555954
95448663492
96437731255
97426727469
98415715629
99404674137
100393553154
101382346068
102370985439
103359571927
104348071092
105336453061
106324708685
107312909659
108300944741
109288922555
110276856737
111264688730
112252467187
113240208971
114227334235
115214454717
116201536537
117188598024
118175440521
119162188312
120148899660
121135495610
122122087773
123108642374
124095126152
125081460684
126067768457
127053984830
128039811495
129025595070
130011327207
130996995009
131982365333
132967681296
133952991486
134938133768
135923219527
136908080944
137892692490
138877251071
139861781371
140845888444
141829960170
142813936867
143797655569
144781328310
145764843149
146748229641
147731574279
148714625822
149697591758
150680499587
151663275533
152645928327
153628491928
154611025069
155593486854
156575858651
157558169011
158540453606
159522714761
160504973584
161486674488
162468338275
163449958229
164431567077
165413020558
166394370453
167375696563
168356997171
169338292096
170319504764
171300694034
172281803279
173262889570
174243916888
175224860052
176205794008
177186559942
178167182661
179147723882
180128005669
181108255212
182088406185
183067873830
184047260771
185026603120
186005791084
186984978050
187964055805
188943128458
189922082979
190900964736
191879703582
192858377763
193836936652
194815464914
195793943466
196772414654
197750878289
198729309465
199707712342
200686038630
201664330350
202642619861
203620880689
204598981939
205577068090
206555095341
207532807378
208510425849
209487980111
210465497948
211442960574
212420232196
213397463111
214374598434
215351680055
216328749682
217305563021
218282301110
219258727352
220235109499
221211466560
222187740675
223164010585
224139839078
225115634862
226091414421
227067174171
228042807098
229018309964
229993786430
230969210479
231944447704
232919574013
233894688813
234869732892
235844738098
236819736269
237794710685
238769591205
239744445296
240718957806
241693447855
242667756307
243641984587
244615948176
245589844749
246563699776
247537472348
248511030200
249484498420
250457920402
251431290101
252404506592
253377480754
254350337585
255323162780
256295986371
257268747762
258241385633
259214006377
260186565882
261158939207
262131199139
263103316260
264075400579
265047369581
266019328810
266991259360
267963112138
268934949525
269906786324
270878605227
271850422166
272822139886
273793852319
274765543637
275737192595
276708809256
277680332478
278651723104
279623095259
280594387221
281565670622
282536936836
283507840804
284478497673
285449112920
286419608757
287389941433
288360193040
289330346918
290300339620
291270169503
292239835073
293209426486
294179001773
295148572833
296118030091
297087393170
298056697345
299026001192
299995105681
300964177722
301933126547
302902072487
303870983722
304839614988
305808226044
306776766257
307745164860
308713472367
309681710029
310649906867
311617476626
312585023835
313552408101
314519770257
315486975465
316453930485
317420872088
318387765714
319354644125
320321366521
321287908085
322254345598
323220709483
324187072548
325153391077
326119545061
327085588103
328051577711
329017300322
329982934791
330948483180
331913828439
332879117260
333844380934
334809643895
335774905194
336740119477
337705217561
338670298833
339635359676
340600372645
341565306628
342530213176
343495109856
344459521227
345423847430
346388129256
347352261720
348316381612
349280406682
350244426405
351208435939
352172035409
353135440506
354098769164
355061810123
356024804769
356987634802
357950421092
358913147015
359875250648
360837269967
361799253313
362761159054
363723060117
364684935818
365646764022
366608572008
367570357424
368531916595
369493463781
370454766849
371416056674
372377265335
373338354120
374299300911
375260046833
376220511400
377180806976
378141005705
379100977820
380060667927
381020289064
381979727741
382939135630
383898476753
384857713590
385816904806
386776021320
387734959063
388693884316
389652752924
390611501837
391570242422
392528926820
393487593751
394446205802
395404626142
396362943140
397321226087
398279499281
399237512721
400195500703
401153280888
402110705343
403068122690
404025340553
404982410210
405939366240
406896311440
407853211588
408809948809
409766596466
410722987604
411679332084
412635597527
413591567502
414547491581
415503245935
416458977968
417414545088
418369764899
419324968162
420279821525
421234601470
422189373520
423144127892
424098805990
425053315891
426007823978
426962210508
427916564026
428870880398
429825019996
430779096977
431733129203
432686966826
433640513026
434593910001
435547211130
436500443488
437453390567
438405924959
439358397277
440310815080
441263202815
442215398869
443167389390
444119295512
445071121523
446022920960
446974718299
447926503064
448878124912
449829703939
450781222204
451732570557
452683875562
453634868547
454585307748
455535741226
456485905221
457436066860
458386152997
459336196545
460285955287
461235543172
462184753923
463133930644
464083084547
465032160406
465981154361
466930132514
467878976585
468827783598
469776460443
470724905138
471673185508
472621383959
473569356518
474517248729
475464700321
476412126483
477359546418
478306770872
479253830361
480200793787
481147572346
482094323040
483041047755
483987705887
484934361756
485880800230
486826927138
487773020255
488719110161
489665197723
490611281713
491557342307
492503321043
493449236030
494394868968
495340461612
496285590510
497230714746
498175823274
499120611671
500065078627
501009500819
501953861792
502898222691
503842124418
504785973115
505729238847
506672490352
507615512177
508558473006
509501225599
510443322559
511385404810
512327354815
513269262223
514211158899
515152875946
516094497669
517036011257
517977498014
518918951637
519860275767
520801464463
521742540896
522683603640
523624609772
524565423747
525506164357
526446829122
527387360019
528327831617
529267566962
530207160813
531146579804
532085900004
533025085284
533964132052
534903006473
535841822433
536780312324
537718792377
538657272059
539595746405
540534218535
541472600874
542410705448
543348706582
544286486569
545224126883
546161334716
547098484169
548035538510
548972300241
549908982948
550845604933
551782118655
552718591133
553654898502
554591127988
555527328432
556463402207
557399368536
558335187649
559270953253
560206354580
561141707836
562077034772
563012052945
563946730211
564881275845
565815779425
566750170118
567684483384
568618784746
569553075013
570487174663
571421238737
572355280166
573289185653
574222959879
575156405284
576089638783
577022788689
577955362588
578887917901
579820386954
580752491454
581684550421
582616446433
583548114248
584479721827
585411323605
586342620206
587273889159
588204777760
589135541155
590066044131
590996440796
591926774853
592857080834
593787137306
594716732706
595646292727
596575845992
597505269733
598434554189
599363744526
600292917080
601221657138
602150262815
603078511911
604006733109
604934922032
605863108016
606791267884
607719378931
608647422951
609575441976
610503143918
611430808693
612358409387
613285978071
614213496086
615140959804
616068299965
616995340220
617922285406
618849175574
619776027654
620702526459
621628979028
622555274394
623481500064
624407686477
625333810145
626259768068
627185629204
628111489577
629037313866
629962889371
630888398410
631813791005
632739143343
633664341591
634589501543
635514443901
636439067320
637363614946
638288040367
639212458356
640136775482
641060973745
641985151661
642909211989
643833043725
644756869959
645680556837
646604234323
647527852085
648451359930
649374759656
650298129310
651221452743
652144749374
653068039262
653991309428
654914560632
655837783132
656760835522
657683856892
658606868029
659529769366
660452648079
661375519447
662298023162
663220419369
664142485677
665064428799
665986330861
666908229900
667830126995
668752003669
669673725298
670595361429
671516800789
672438237370
673359662715
674281052866
675202344612
676123574960
677044696367
677965771947
678886759161
679807613448
680728374995
681649127303
682569758717
683490363396
684410963480
685331154718
686251322438
687171192448
688090511142
689009483889
689928400189
690847302963
691766179680
692684714058
693602952682
694520995644
695438972349
696356821383
697274427739
698191944863
699108692696
700025246190
700941633240
701857696444
702773670708
703689455553
704605221735
705520922305
706436364655
707351109851
708265494084
709179744199
710093954964
711008053285
711922001771
712835795159
713749206619
714662467906
715575709500
716488818365
717401789280
718314660294
719227505078
720140212649
721052890487
721965422986
722877797659
723790167285
724702368580
725614528335
726526636033
727438610537
728350278536
729261904421
730173317948
731084667856
731995989622
732907272123
733818516942
734729755456
735640924117
736552075861
737463208794
738374312186
739285110589
740195790127
741106445956
742016761572
742927067779
743837269760
744747420518
745657304961
746566677230
747475999242
748385207268
749294345645
750203204149
751111904679
752020078380
752928155156
753836231545
754744054111
755651447671
756558678971
757465779062
758372832678
759279773743
760186438386
761093074723
761999512109
762905427231
763811280283
764717067755
765622689525
766528240545
767433666834
768338972830
769243930552
770148801083
771053522457
771958130625
772862463095
773766786877
774671094481
775575337429
776479418597
777383487076
778286853331
779189881324
780092544740
780995156517
781897747674
782800319577
783702791102
784605256741
785507475752
786409544157
787311292078
788212912292
789114361486
790015688641
790916977693
791818262329
792719532034
793620626187
794521634565
795422504413
796323334788
797224097371
798124820293
799025486817
799925747951
800825951040
801726052754
802626002597
803525875276
804425707840
805325378576
806224947198
807124391586
808023679665
808922877854
809821745899
810720566044
811619331645
812517786380
813416189231
814314472946
815212545382
816110552389
817008530995
817906406994
818804256592
819701900269
820599074137
821495899871
822392649254
823289289406
824185880676
825082122399
825978236405
826874152602
827770015106
828665808109
829561507232
830457144099
831352622124
832247894068
833143137440
834038356345
834933567275
835828727047
836723844438
837618925287
838513675705
839408417301
840303127015
841197768263
842092208632
842986565643
843880746246
844774668995
845668482014
846562113328
847455625497
848349059706
849242441480
850135505560
851028510918
851921459154
852814210223
853706814341
854599347472
855491842251
856384222013
857276599485
858168585498
859060239919
859951873125
860843192266
861734273094
862625330634
863516355147
864407165782
865297924876
866188556409
867079124444
867969531596
868859896426
869749743356
870639572128
871529184283
872418744693
873308166731
874197497536
875086562255
875975582186
876864472865
877753184768
878641873742
879530430341
880418452291
881306377611
882194299385
883082184036
883969916215
884857567212
885745184919
886632777771
887520368072
888407889081
889295031847
890182103618
891068926459
891955715611
892842394514
893729031690
894615632076
895502216140
896388328109
897274439627
898160539226
899046415446
899932080713
900817096929
901702088639
902586916803
903471669328
904356229322
905240578948
906124843911
907009027682
907893152891
908777101169
909661027279
910544836704
911428210759
912311367202
913194364480
914077344703
914960086217
915842396265
916724513060
917606553361
918488514474
919370357162
920251847334
921133235707
922014565253
922895875017
923776957281
924657983996
925538629685
926419259200
927299840285
928180343326
929060752505
929941158806
930821539358
931701864315
932582165840
933462376240
934342510298
935222613259
936102635189
936982546941
937862335968
938742100231
939621856180
940501545177
941381128880
942260704116
943140000915
944019179426
944898147024
945776986253
946655799196
947534520509
948413241231
949291836754
950170129648
951048305701
951926389152
952804431088
953682420719
954560390288
955438261601
956316081519
957193693719
958071302529
958948876855
959826379250
960703773641
961580982214
962458142310
963335285227
964212325318
965089272152
965966133257
966842860226
967719584598
968596279926
969472820302
970349331926
971225798290
972102068799
972978185540
973854133711
974729954145
975605099450
976480201052
977355197637
978230131370
979104871734
979979502783
980853875900
981728086936
982602219512
983476257891
984350031346
985223800319
986097487696
986970945604
987844336665
988717676349
989590999138
990464286344
991337359078
992210369126
993082958143
993955479202
994827796928
995699990667
996572130006
997444218584
998316130557
999187437480
1000058619848
1000929714954
1001800799077
1002671557603
1003542081321
1004412445193
1005282536408
1006152259773
1007021887479
1007891372514
1008760846231
1009630005928
1010499068758
1011368070944
1012236947041
1013105701172
1013974324017
1014842908178
1015710986384
1016579019318
1017446899915
1018314668924
1019182393631
1020049865963
1020917300918
1021784670902
1022651947676
1023519196257
1024386296171
1025252893129
1026119480342
1026986045732
1027852602633
1028719032799
1029585458286
1030451806258
1031317942431
1032183879543
1033049737996
1033915545076
1034781246076
1035646729038
1036512174998
1037377548456
1038242917468
1039108263937
1039973434529
1040838527847
1041703374217
1042568159109
1043432318996
1044296410782
1045160389376
1046024267964
1046887994990
1047751672946
1048615115775
1049478497136
1050341707510
1051204778438
1052067735569
1052930554517
1053793337242
1054656107705
1055518818541
1056381510263
1057244058296
1058106522043
1058968667739
1059830555127
1060692406618
1061554135905
1062415794009
1063277083081
1064138296531
1064999403275
1065860319990
1066720985104
1067581617797
1068442241377
1069302451169
1070162042664
1071021479929
1071880912016
1072740294939
1073599594373
1074458754055
1075317824740
1076176840876
1077035801212
1077894637125
1078753441188
1079611995486
1080470111716
1081328145300
1082186031043
1083043733214
1083901241457
1084758627696
1085615925334
1086473196378
1087329412205
1088185281460
1089041051822
1089896398365
1090751710354
1091606984025
1092462150889
1093317248598
1094172225076
1095027095925
1095881903334
1096736579582
1097590184110
1098443773700
1099297227933
1100150511799
1101003659837
1101856516675
1102709189546
1103561786317
1104414372636
1105266879019
1106119328513
1106971746124
1107824144469
1108676529136
1109528900752
1110380989227
1111233051398
1112085086814
1112936933222
1113788737696
1114639771917
1115490736064
1116341417324
1117192029952
1118042549762
1118892629478
1119742613169
1120592299604
1121441968773
1122291093682
1123140182385
1123989160410
1124838126671
1125687026787
1126535822388
1127384303876
1128232717194
1129080778493
1129928495706
1130775994005
1131623488815
1132470977043
1133318388761
1134165553069
1135012601701
1135859626908
1136706588371
1137553302143
1138399862066
1139246208839
1140092542790
1140938565828
1141784116635
1142629396815
1143474450999
1144319438909
1145164415649
1146009139129
1146853751561
1147698272171
1148542762275
1149386370022
1150229829497
1151073263728
1151916631176
1152759658392
1153602417825
1154445171532
1155287812709
1156130436356
1156972937004
1157815248897
1158657428465
1159499569154
1160341412513
1161183193084
1162024648442
1162866031349
1163707215819
1164548290002
1165389247776
1166230080651
1167070838656
1167911575124
1168751870218
1169592116339
1170432129377
1171271825667
1172111477576
1172950549878
1173789483895
1174628280794
1175466747741
1176305214013
1177143462167
1177981626426
1178819617500
1179657535224
1180495452063
1181333243938
1182170984840
1183008659749
1183846314293
1184683771228
1185521210988
1186358490784
1187195703812
1188032724008
1188869706246
1189706473492
1190543238163
1191379838266
1192215720044
1193051439753
1193886584411
1194721634392
1195556379686
1196391081904
1197225743665
1198060374247
1198894826914
1199729252485
1200563566232
1201397844929
1202232116716
1203066265654
1203900256799
1204733695642
1205566923871
1206400116017
1207233270132
1208066409161
1208899432265
1209732426018
1210565362616
1211398201030
1212230642068
1213063024361
1213895262357
1214727431919
1215559149550
1216390749563
1217222021135
1218053247903
1218884358693
1219715335853
1220545943100
1221376465943
1222206885802
1223037142676
1223867313643
1224697442724
1225527171670
1226356806834
1227186183411
1228015493705
1228844726152
1229673825583
1230502635330
1231331362376
1232160012313
1232988630037
1233816564515
1234644164829
1235471747715
1236298981667
1237126185864
1237952955296
1238779701865
1239606432449
1240433046919
1241259410988
1242085361733
1242910917834
1243736293463
1244561458884
1245386595981
1246211705801
1247036553960
1247861398215
1248686169807
1249510890999
1250335566770
1251160234041
1251984720493
1252809195927
1253633532985
1254457836077
1255281848169
1256105840086
1256929639665
1257753411102
1258577122054
1259400780209
1260224038380
1261047107924
1261870045777
1262692679108
1263515271681
1264337443902
1265159559790
1265981594384
1266803506860
1267625386821
1268446524688
1269267373421
1270087917442
1270908263522
1271728499078
1272548620179
1273368565294
1274188293216
1275007886984
1275827410432
1276646856599
1277466221751
1278285332940
1279104296848
1279923190604
1280741935167
1281560556055
1282378910990
1283197230124
1284015301337
1284833328349
1285650782890
1286467920882
1287285053192
1288102147190
1288919210092
1289736227338
1290553077722
1291369836815
1292186491289
1293003127540
1293819672849
1294635685168
1295451504917
1296267313452
1297083109456
1297898815725
1298714416231
1299529830927
1300345208420
1301160474584
1301975599292
1302790711423
1303605756372
1304420732225
1305235669005
1306050495853
1306865199223
1307679830598
1308494232604
1309308591338
1310122932240
1310937237682
1311751378497
1312565101713
1313378742809
1314191959957
1315004820321
1315817661075
1316630372710
1317443083524
1318255723022
1319068330724
1319880716684
1320693017625
1321505224390
1322317314964
1323129375783
1323941361879
1324753250525
1325565074030
1326376268953
1327187375305
1327998280825
1328809033743
1329619771951
1330430476337
1331240988415
1332051433916
1332861842666
1333672136893
1334482336950
1335292495292
1336102536855
1336912453104
1337722132541
1338531718251
1339340977593
1340150133226
1340959196743
1341768237137
1342577251602
1343386229682
1344195095579
1345003904952
1345812618377
1346621331490
1347429826594
1348238267961
1349046634084
1349854904190
1350663155607
1351471392770
1352279629536
1353087554695
1353895411049
1354703191380
1355510805496
1356318263631
1357125717553
1357933070788
1358740246439
1359546917771
1360353582679
1361160177235
1361966611954
1362772988035
1363579350957
1364385185766
1365190862851
1365996390837
1366801639112
1367606880026
1368411976268
1369216913080
1370021712720
1370826505972
1371631213091
1372435658959
1373240100969
1374044532305
1374848793939
1375652878286
1376456938261
1377260915388
1378064724556
1378868389351
1379671836206
1380475021703
1381278114600
1382080969085
1382883816826
1383686564237
1384489092976
1385291506524
1386093887401
1386896183571
1387698460137
1388500550535
1389302447128
1390104205091
1390905925270
1391707601955
1392509241296
1393310875887
1394112410843
1394913758488
1395715104173
1396515628902
1397315996153
1398115675485
1398915299163
1399714840019
1400514215324
1401313511092
1402112765973
1402911892323
1403710772352
1404509304622
1405307775916
1406105890634
1406903983172
1407701969827
1408499941467
1409297477231
1410094934922
1410892012127
1411688936734
1412485854905
1413282533033
1414079129713
1414875713202
1415672260003
1416468326860
1417264374545
1418060237281
1418855836246
1419651392737
1420446912015
1421242298927
1422037637919
1422832619844
1423627173422
1424421344386
1425215302611
1426009020448
1426802697525
1427596116088
1428389520050
1429182915998
1429976241305
1430769484635
1431562688817
1432355880883
1433148890943
1433941786875
1434734555704
1435527264145
1436319900494
1437112514260
1437904852607
1438697188741
1439489384898
1440281128048
1441072559998
1441863691873
1442654753456
1443445724024
1444236580664
1445027431112
1445818046830
1446608310777
1447398487454
1448188607050
1448978646920
1449768524905
1450558211647
1451347848934
1452137375443
1452926897999
1453716298004
1454505648421
1455294739451
1456083753069
1456872653773
1457661528536
1458450355856
1459238906567
1460027222826
1460815268451
1461602909720
1462390526191
1463178128050
1463965696143
1464752904298
1465540045295
1466327074990
1467113636122
1467900134966
1468686632553
1469472846953
1470258707335
1471044561901
1471830282756
1472615963394
1473401598051
1474187225417
1474972818491
1475758311651
1476543433460
1477328437092
1478113333136
1478897903277
1479682345033
1480466737882
1481250798675
1482034655334
1482818374778
1483602064045
1484385449817
1485168722224
1485951969102
1486734834499
1487517666370
1488300368497
1489082936311
1489865420829
1490647904691
1491430304126
1492212623148
1492994871413
1493776676336
1494558381918
1495339911799
1496121377007
1496902502534
1497683610248
1498464618285
1499245622150
1500025927749
1500806075288
1501586201546
1502366083864
1503145897014
1503925395625
1504704823425
1505484185016
1506263363648
1507042536871
1507821594653
1508600505755
1509379370945
1510158179063
1510936951422
1511715660358
1512494276647
1513272796211
1514051290056
1514829783508
1515608057438
1516385933613
1517163698782
1517941406764
1518719063336
1519496408585
1520273736178
1521050989867
1521828054372
1522604929461
1523381673227
1524158074975
1524934353546
1525710577566
1526486680830
1527262781818
1528038833592
1528814437358
1529590015719
1530365578558
1531140988635
1531916329192
1532691519680
1533466353488
1534240766664
1535014995178
1535789203217
1536563360049
1537337430568
1538111398396
1538884597314
1539657206058
1540429766661
1541202302246
1541974732116
1542747144819
1543519531366
1544291879085
1545064111841
1545835988195
1546607519988
1547379042020
1548150558669
1548921925196
1549693282367
1550464484604
1551235684983
1552006774786
1552777814904
1553548796706
1554319751425
1555090477059
1555860932685
1556631383251
1557401827174
1558172122063
1558942385174
1559712644741
1560482852024
1561253013689
1562023109066
1562792984867
1563562827050
1564332542362
1565101917035
1565871041344
1566640040775
1567409002233
1568177912878
1568946674859
1569715312480
1570483739616
1571251972532
1572020089766
1572788092132
1573555883343
1574323638436
1575091325259
1575858949485
1576626254427
1577393412299
1578160455699
1578927409580
1579694296815
1580460872001
1581227399475
1581993474806
1582759486779
1583525423600
1584291291559
1585057022899
1585822675317
1586588253391
1587353819354
1588119093491
1588884319935
1589649336628
1590414279102
1591178911885
1591943516299
1592708115418
1593472712659
1594237212753
1595001576625
1595765561744
1596529515780
1597293164893
1598056759205
1598820111087
1599583013678
1600345845822
1601108485138
1601870627230
1602632703783
1603394674974
1604156442420
1604918139488
1605679729885
1606441312303
1607202870988
1607964274664
1608725177792
1609485990193
1610246621196
1611006918454
1611767119395
1612527254459
1613287112688
1614046968076
1614806800500
1615566618730
1616325905236
1617084949046
1617843881713
1618602507547
1619361073565
1620119583847
1620878027075
1621636356224
1622394668144
1623152925935
1623911126326
1624669132376
1625426373992
1626183516510
1626940607241
1627697433450
1628453945131
1629209847366
1629965717337
1630721452556
1631477174147
1632232838534
1632988486806
1633743935582
1634499375552
1635254752033
1636010109759
1636765059606
1637519955096
1638274587358
1639028950501
1639782906725
1640536839662
1641290651367
1642044431892
1642798176338
1643551920637
1644305341215
1645058753380
1645812130591
1646565457377
1647318604482
1648071365675
1648824029968
1649576677061
1650329187007
1651081604657
1651833872327
1652585891354
1653337905248
1654089625282
1654841050744
1655592440553
1656343658088
1657094787232
1657845768556
1658596726076
1659347520341
1660098284140
1660849039633
1661599712794
1662350207491
1663100565571
1663850917050
1664601018368
1665350903832
1666100736029
1666850517733
1667599932474
1668349066113
1669098152941
1669847179015
1670596091188
1671344845775
1672093549871
1672842053661
1673590146702
1674338176366
1675086125992
1675833926873
1676581283108
1677328364138
1678075405943
1678822344857
1679569270101
1680315915031
1681062542761
1681808923726
1682555003437
1683300857109
1684046659700
1684792210543
1685537749869
1686282949740
1687028071859
1687773074781
1688518052509
1689263024817
1690007809505
1690752570878
1691497324783
1692241821609
1692986167723
1693730338572
1694474478151
1695218594028
1695961739973
1696704786670
1697447343160
1698189852308
1698932259606
1699674414311
1700416067977
1701157586857
1701899023432
1702640351714
1703381351653
1704122248027
1704862658144
1705602462326
1706342171767
1707081879984
1707821501931
1708560980337
1709300417746
1710039837875
1710779178852
1711518312773
1712257173165
1712995631927
1713734009775
1714472342576
1715210648613
1715948849035
1716686932094
1717424976909
1718162923911
1718900274849
1719637503848
1720374730687
1721111937969
1721848895282
1722585502755
1723322099255
1724057918872
1724793188011
1725528281667
1726263234142
1726997950291
1727732582798
1728467196425
1729201580020
1729935908038
1730670098785
1731404243497
1732138285440
1732871995000
1733605700815
1734339340554
1735072846453
1735806121617
1736539096593
1737272026126
1738004820956
1738737562942
1739470063421
1740202498602
1740934766095
1741666724087
1742398623187
1743130463029
1743862164179
1744593498883
1745324544967
1746055386000
1746785878568
1747516119152
1748246231067
1748976169309
1749706077357
1750435814036
1751165524211
1751895232420
1752624777855
1753354277132
1754083403514
1754812209832
1755540883700
1756268822629
1756996609492
1757724320944
1758451956399
1759178847494
1759905678157
1760632501549
1761358755553
1762084660512
1762809941495
1763535139030
1764259895576
1764984487614
1765708997003
1766433486784
1767157895825
1767881462364
1768604894653
1769328311171
1770051719996
1770774964880
1771497874716
1772220766329
1772943650829
1773666443465
1774389210757
1775111716615
1775834068229
1776555540900
1777276986877
1777998328999
1778719568107
1779440754156
1780161703538
1780882626096
1781603432493
1782324005470
1783044471487
1783764436241
1784484336463
1785204211302
1785923819360
1786643314651
1787362720387
1788082045858
1788801308749
1789520456492
1790239527149
1790958505818
1791677106422
1792395524723
1793113932762
1793832308336
1794550622810
1795268554666
1795986293267
1796703541798
1797420558899
1798137559517
1798854394276
1799571111712
1800287536467
1801003801126
1801719938648
1802436048196
1803152113133
1803868001157
1804583879546
1805299736973
1806015392595
1806730776625
1807446062785
1808161067822
1808875847641
1809590496289
1810304894022
1811019114302
1811733150257
1812447181668
1813160945147
1813874578452
1814588186276
1815301769801
1816014935284
1816728073617
1817441111224
1818153973334
1818866497433
1819578865333
1820290925698
1821002761858
1821714586545
1822426180395
1823137734993
1823849212987
1824559862195
1825270251042
1825980409360
1826690465965
1827400410848
1828110275109
1828819735553
1829529161931
1830238505118
1830947645399
1831656728151
1832365552520
1833074228002
1833782614585
1834490800989
1835198911943
1835906865261
1836614553087
1837321793100
1838028794271
1838735682695
1839442502606
1840149072010
1840855111578
1841561074070
1842267013580
1842972462440
1843677605134
1844382705842
1845087611127
1845792501113
1846497384372
1847202061385
1847906643487
1848611219209
1849315617993
1850019792875
1850723895647
1851427978889
1852131789622
1852835256952
1853537096204
1854238866860
1854939853986
1855640824451
1856341429932
1857042003208
1857742551927
1858442994624
1859143188699
1859843307342
1860543410291
1861243334237
1861943142447
1862642162445
1863341004270
1864039726483
1864738133682
1865436283365
1866134259657
1866831717773
1867528926135
1868225793050
1868922548803
1869619009481
1870315393465
1871011538472
1871707646876
1872403635868
1873099249659
1873794550280
1874489736882
1875184829190
1875879264520
1876573689940
1877267860564
1877961981242
1878656043265
1879349939401
1880043455650
1880736776664
1881430061586
1882123054966
1882815723403
1883508311099
1884200878895
1884893119841
1885585092991
1886276415121
1886967657869
1887658691382
1888349382420
1889039978858
1889730283510
1890420426524
1891110516570
1891800565638
1892490183167
1893179754218
1893869299387
1894558612648
1895247647803
1895936659664
1896625646890
1897314338570
1898002869565
1898691199371
1899379291452
1900067316991
1900755237222
1901443105881
1902130604677
1902818036193
1903505147921
1904192009353
1904878311781
1905564477589
1906250438310
1906936320592
1907622138092
1908307722165
1908993223147
1909678692330
1910363977435
1911049229284
1911734444665
1912419629992
1913104725779
1913789695365
1914474641926
1915159151791
1915843614870
1916527927812
1917212104935
1917896243202
1918580371807
1919264102263
1919947584440
1920631048575
1921314402688
1921997716730
1922680693266
1923363622481
1924046373818
1924729107221
1925411471765
1926093424144
1926775266811
1927457075145
1928138854572
1928820358321
1929501593789
1930182818074
1930863911112
1931544638980
1932225220767
1932905694380
1933585936288
1934266005826
1934945812120
1935625063235
1936304303164
1936982938216
1937661546970
1938340027323
1939018266087
1939696448465
1940374552394
1941052614854
1941730676076
1942408645683
1943086611701
1943764410345
1944441895108
1945119116195
1945796320559
1946472901944
1947149437438
1947825880301
1948502258142
1949178523806
1949854705237
1950530828537
1951206749804
1951882613198
1952558438084
1953233840924
1953908969422
1954583933478
1955258887567
1955933597631
1956608215291
1957282738799
1957957030079
1958630822892
1959304602173
1959978115782
1960651561821
1961324892498
1961998114832
1962671293716
1963344207295
1964016926286
1964689573093
1965362174281
1966034517348
1966706797838
1967378848755
1968050746583
1968722498603
1969394098326
1970065622967
1970737065528
1971408137682
1972078986893
1972749696924
1973420137452
1974090543381
1974760835593
1975431054512
1976101264199
1976771329740
1977441260520
1978111026937
1978780750270
1979449929488
1980119070125
1980787612258
1981456067200
1982124138313
1982791984153
1983459689200
1984127336243
1984794625793
1985461507765
1986127846575
1986794058569
1987459850545
1988125572701
1988791210402
1989456786902
1990122224356
1990787547401
1991452599292
1992117456370
1992782222950
1993446814324
1994111127782
1994775412076
1995439689703
1996103871561
1996767622154
1997430779531
1998093923555
1998756977639
1999419915817
2000082809290
2000745656228
2001408336937
2002070824612
2002732782495
2003394151558
2004054816020
2004715337151
2005375713448
2006035955969
2006696122305
2007355866823
2008014937578
2008673893550
2009332830346
2009991730502
2010650410125
2011309025731
2011967479823
2012625737651
2013283947445
2013942061315
2014599665359
2015256868475
2015914013135
2016570885787
2017227710326
2017884480321
2018541097285
2019197451172
2019853261049
2020508646916
2021163931784
2021819212283
2022474174887
2023129010407
2023783160229
2024436193263
2025088033977
2025739400325
2026390709286
2027041960366
2027693059885
2028344040050
2028994919376
2029645579619
2030296179205
2030946300475
2031596286276
2032246174943
2032896055843
2033545826374
2034195571513
2034845227965
2035494868300
2036143876791
2036792217983
2037440494008
2038088473099
2038736201922
2039383553643
2040030621354
2040677486764
2041324337175
2041971106060
2042617398281
2043263654538
2043909904384
2044556081755
2045202092697
2045847998074
2046493782829
2047139301419
2047784610459
2048429823475
2049074947650
2049720036887
2050365051191
2051010045879
2051654932838
2052299818544
2052944437716
2053588808970
2054233128528
2054877403495
2055521362961
2056164983880
2056808342237
2057451664681
2058094844759
2058737673216
2059380076106
2060022345920
2060664481609
2061306070494
2061947624227
2062589141360
2063230473339
2063871504120
2064512069054
2065152536923
2065792908700
2066433147651
2067073381386
2067713491619
2068353589137
2068993403243
2069633195714
2070272925734
2070912653497
2071552076173
2072191420560
2072830662197
2073469882567
2074108920617
2074747871825
2075386821676
2076025506731
2076664143955
2077302740781
2077941009135
2078579243580
2079217397593
2079855477805
2080493307078
2081131051775
2081768663377
2082406248356
2083043762466
2083681213009
2084318557533
2084955896109
2085593160042
2086230020036
2086866839852
2087503514635
2088140188168
2088776826100
2089413405687
2090049759576
2090686042230
2091322241226
2091958382778
2092594075433
2093229545280
2093864875030
2094500173794
2095135073618
2095769314409
2096403548329
2097037703015
2097671837382
2098305928488
2098939988711
2099573855927
2100207678864
2100841224102
2101474703381
2102108123177
2102741504775
2103374884993
2104007756876
2104640589790
2105273406167
2105906156385
2106538896802
2107171375880
2107803101953
2108434628896
2109066073537
2109697320359
2110327784993
2110957838762
2111587502244
2112217125256
2112846660006
2113476153552
2114105523306
2114734066487
2115362381644
2115990340563
2116617450871
2117244349283
2117871228608
2118498058504
2119124551009
2119750601324
2120376394832
2121002062388
2121626828164
2122251553535
2122876110498
2123500632767
2124124957232
2124748983508
2125372961046
2125996616316
2126620244344
2127243729673
2127867200725
2128490553721
2129113146784
2129735726140
2130358160063
2130980299565
2131602108743
2132223643939
2132845150202
2133466630335
2134087527979
2134707902387
2135328276777
2135948215371
2136568124583
2137187926904
2137807272680
2138426379017
2139045350175
2139664087681
2140282338450
2140900459318
2141518528773
2142136456779
2142753995930
2143371458762
2143988610273
2144605397755
2145221970813
2145838363448
2146454726297
2147071067420
2147687342474
2148303102718
2148918778032
2149534393902
2150149573159
2150764483247
2151378990748
2151993435955
2152607487573
2153221436605
2153835290498
2154449055051
2155062741301
2155676289443
2156289612154
2156902878917
2157515860149
2158128558575
2158741202084
2159353658973
2159965989326
2160578147491
2161190047055
2161801942057
2162413487771
2163024880987
2163635967647
2164247048879
2164858045259
2165468769082
2166079339373
2166689904545
2167300466848
2167910522662
2168520400500
2169130277370
2169740122456
2170349925283
2170959556075
2171569097788
2172178638964
2172788161640
2173397529887
2174006451683
2174615100203
2175223619962
2175831914164
2176439959458
2177047642026
2177655303621
2178262854136
2178869870905
2179476570115
2180082981466
2180688755814
2181294290305
2181899731942
2182505149412
2183110555542
2183715704254
2184320567735
2184925350583
2185529956862
2186134325056
2186738461581
2187342364312
2187946141561
2188549632502
2189153057691
2189756478254
2190359719157
2190962629323
2191565268560
2192167737864
2192769901012
2193371832080
2193973675152
2194575478963
2195177169941
2195778813611
2196380243563
2196981673162
2197582880667
2198183616377
2198783348792
2199382991455
2199982557995
2200581352173
2201180142626
2201778846859
2202377538530
2202976226407
2203574680214
2204172893564
2204770936467
2205368794243
2205966571096
2206564318035
2207160811404
2207757219266
2208353176805
2208948864757
2209544258535
2210139644309
2210734833966
2211329948492
2211924465414
2212518703524
2213112605865
2213705991767
2214299119232
2214892166429
2215485025043
2216077459243
2216669879966
2217262257659
2217854450654
2218446536417
2219038612646
2219630419097
2220222165764
2220813864850
2221405309427
2221996655884
2222587951789
2223179034480
2223769768270
2224360243552
2224950689610
2225540942022
2226131193169
2226721224304
2227311075531
2227900555985
2228489697649
2229078777589
2229667413764
2230255743105
2230843325321
2231430773032
2232018026764
2232605132170
2233191918137
2233778672020
2234365226864
2234951412300
2235537501278
2236123525063
2236709104012
2237294509942
2237879892640
2238465234878
2239050335643
2239635221714
2240219946070
2240804643520
2241389031676
2241972893820
2242556450995
2243139862893
2243723273566
2244306528646
2244889659976
2245472030921
2246053936314
2246635676590
2247217414159
2247798910886
2248380216809
2248961243306
2249542124428
2250122243926
2250702339881
2251282360627
2251862377975
2252442249612
2253022119459
2253601411800
2254180320966
2254759171174
2255337992714
2255916545108
2256495087841
2257073432578
2257651764071
2258230038848
2258808036682
2259385734573
2259963245697
2260540394913
2261117230936
2261693837656
2262269782616
2262845381858
2263420873785
2263996114610
2264571327742
2265146537410
2265721532708
2266296443975
2266871305105
2267445509903
2268019234378
2268592778293
2269166138313
2269739252611
2270312152681
2270884720761
2271457137783
2272028912436
2272600428192
2273171846039
2273743108222
2274314002718
2274884888467
2275455187912
2276025432754
2276595439847
2277164943681
2277734058976
2278302646244
2278871066063
2279439083105
2280006909241
2280574470979
2281141811148
2281709074599
2282275849491
2282842524780
2283408732545
2283974859115
2284540392905
2285105536624
2285670370299
2286234932575
2286799415994
2287363881529
2287928316814
2288492539471
2289056197398
2289619721398
2290183114250
2290746214237
2291309215787
2291871994326
2292434642154
2292997037680
2293559229585
2294121290094
2294683341090
2295245201135
2295807000593
2296368759550
2296930318723
2297491782322
2298052870497
2298613799184
2299174605795
2299734589233
2300294371269
2300854055214
2301413514560
2301972937968
2302532303671
2303091539537
2303650606331
2304208945459
2304767249145
2305325159236
2305882830725
2306440344796
2306997489696
2307554599360
2308111638113
2308668656496
2309225497049
2309782199941
2310338546209
2310894445027
2311449982331
2312005365225
2312560326828
2313115213514
2313670001723
2314224277301
2314778537630
2315332718096
2315886715113
2316440594873
2316994259834
2317547668671
2318100952208
2318654118610
2319206993904
2319759854252
2320312203176
2320864146015
2321415627685
2321966920610
2322517419390
2323067663500
2323617676055
2324167669774
2324717595590
2325267116754
2325816598647
2326365370289
2326913854600
2327462248036
2328010487833
2328558543066
2329106130335
2329653590646
2330200592174
2330747545934
2331294404170
2331840754245
2332386995515
2332932906961
2333478809700
2334024595429
2334570368186
2335116009009
2335661540542
2336206940907
2336752323337
2337296635412
2337840155364
2338383666409
2338926923307
2339469685045
2340012281352
2340554591748
2341096834101
2341638561372
2342179909154
2342721237060
2343262482283
2343803521999
2344344524792
2344885353582
2345426157742
2345966850211
2346507217020
2347047396847
2347587564196
2348127614848
2348667360809
2349206833631
2349745402856
2350283937384
2350822423795
2351360720169
2351898723965
2352436695384
2352974216051
2353511525662
2354048480304
2354585309368
2355122020780
2355657937598
2356193705986
2356729388793
2357264974730
2357799917111
2358334715335
2358869101906
2359403431010
2359937723486
2360471216594
2361004520643
2361537813394
2362070992145
2362604115799
2363136877560
2363669615585
2364202345292
2364734686786
2365266882415
2365799019620
2366330997687
2366862188528
2367393230016
2367922900824
2368452401211
2368981816505
2369511129194
2370040247561
2370568740948
2371096762670
2371624700375
2372152347811
2372679871656
2373207174511
2373734195962
2374260968799
2374787698920
2375314397065
2375840967340
2376367216879
2376893176601
2377418711745
2377944159001
2378469531456
2378994626814
2379519683711
2380044527713
2380569165446
2381093770202
2381618338600
2382142316546
2382666291611
2383190142544
2383713755235
2384237212712
2384760393710
2385283159181
2385805863345
2386328339146
2386850408943
2387372444708
2387894448777
2388416436560
2388938221168
2389459990354
2389981528328
2390503021914
2391023456902
2391543541052
2392063547190
2392583426702
2393103003416
2393622539605
2394141757338
2394660670647
2395179369861
2395698000222
2396216505488
2396734987108
2397253371263
2397771340194
2398289147624
2398806876095
2399324122449
2399841262321
2400358123592
2400874095684
2401389972170
2401905098284
2402420067233
2402934851035
2403449354033
2403963477003
2404477457114
2404990167489
2405502760040
2406014653776
2406526215721
2407037455789
2407548280980
2408059090414
2408569437613
2409079685847
2409589276706
2410098758485
2410608231911
2411117607637
2411626734473
2412135661125
2412644243151
2413152596469
2413660878479
2414169087851
2414677150130
2415185189231
2415693110632
2416200351864
2416707335699
2417214193084
2417720793567
2418227290864
2418733731929
2419239715920
2419745675100
2420250845363
2420755101008
2421259032607
2421762470112
2422265499513
2422768239717
2423269872347
2423770763951
2424271298156
2424771526397
2425271501159
2425771379126
2426270869227
2426770006602
2427269142052
2427768082177
2428266386405
2428764497216
2429262220823
2429759914916
2430257311787
2430754654160
2431251751842
2431748671735
2432245313023
2432741126713
2433236826440
2433732305424
2434227499447
2434722537172
2435217376074
2435712176193
2436206456483
2436700692729
2437194811681
2437688896363
2438182916005
2438676799452
2439169851855
2439662791104
2440155539372
2440648173629
2441140469739
2441632754373
2442124572799
2442616148821
2443106874550
2443597511655
2444087900691
2444577956874
2445067406560
2445556528282
2446045210259
2446532793693
2447020352798
2447507722332
2447994593961
2448481235495
2448967529604
2449453512249
2449939284063
2450424654172
2450910002071
2451395163774
2451879707842
2452363799230
2452847641439
2453331161902
2453814370883
2454297257546
2454780128253
2455262788045
2455745210576
2456227340967
2456709226586
2457191075123
2457672576533
2458153584099
2458634462712
2459115272386
2459595698714
2460075901615
2460555694988
2461035025598
2461514078596
2461992560111
2462470967096
2462949075313
2463426991432
2463904624803
2464382249908
2464859822343
2465337234896
2465814470889
2466291675688
2466768639912
2467245601762
2467722468206
2468199164190
2468675788278
2469152224216
2469628635949
2470104809389
2470580600673
2471056228826
2471531467370
2472006684107
2472481689772
2472956394654
2473431088658
2473905690574
2474380237630
2474854643174
2475329011712
2475803265268
2476277376661
2476750739985
2477223546243
2477696275081
2478168632380
2478640407971
2479111737530
2479582600489
2480052846665
2480523084975
2480992741751
2481462335896
2481931015459
2482399654064
2482868113059
2483336301959
2483803254600
2484270186364
2484736588332
2485202408879
2485668148963
2486133818128
2486599229096
2487064200909
2487528963687
2487992948228
2488456852997
2488920699291
2489384436348
2489847990813
2490311393318
2490774120204
2491236387987
2491698006162
2492159507031
2492620806381
2493081517800
2493542090832
2494002462072
2494462565100
2494922448855
2495382041259
2495841202930
2496300060413
2496758797668
2497216729453
2497674188108
2498131540927
2498588824307
2499046009279
2499503127197
2499959934518
2500416417884
2500872870061
2501329192989
2501784816984
2502239999441
2502694683805
2503149280232
2503603409593
2504057402559
2504511072728
2504964509412
2505417591961
2505869395125
2506319472199
2506769303919
2507218896628
2507668420632
2508117821242
2508567111691
2509016148214
2509464644489
2509912950054
2510360574412
2510808167299
2511255580332
2511702863705
2512149918227
2512596208631
2513042060617
2513487699963
2513933188943
2514378597446
2514823748755
2515268645436
2515713127187
2516157596244
2516601595848
2517045390642
2517488994020
2517932453119
2518375741279
2518818893178
2519261996640
2519704719578
2520147262419
2520589405978
2521031508912
2521473475998
2521915128165
2522356417086
2522797620142
2523238803724
2523679957916
2524120916638
2524561647968
2525002124722
2525442569404
2525882994056
2526322537041
2526761878020
2527200109354
2527637796886
2528075006579
2528511124385
2528946791743
2529382428207
2529817942700
2530252643848
2530686900455
2531121026572
2531555104970
2531988940074
2532422668507
2532856110657
2533289485940
2533722748112
2534155696727
2534588639734
2535021414383
2535454154098
2535886489948
2536318446155
2536749302987
2537179391948
2537609449511
2538038507728
2538467112123
2538895475541
2539323669819
2539751701191
2540179728295
2540607543306
2541035282900
2541462692864
2541889993911
2542316518179
2542740698635
2543164714559
2543587596038
2544010372055
2544432982398
2544855477624
2545277951813
2545700364106
2546122247913
2546543933075
2546965560638
2547386897641
2547807741342
2548228258494
2548648427320
2549068378072
2549487843785
2549906892330
2550325328246
2550743449548
2551161371349
2551579164989
2551996329747
2552413135170
2552829510121
2553244727517
2553659757325
2554074698381
2554489614468
2554904512440
2555319288774
2555733906034
2556148318404
2556562466586
2556976583220
2557390699706
2557804170949
2558217570656
2558630737387
2559043653156
2559456563921
2559869184082
2560281706285
2560694064030
2561106195057
2561518033460
2561928789388
2562339403016
2562749883253
2563159727209
2563569522864
2563979231869
2564388698719
2564798126004
2565207411404
2565616483111
2566024895844
2566433297614
2566841684696
2567249308012
2567656758349
2568064058404
2568471314095
2568878319486
2569285284676
2569691961491
2570098588223
2570504905128
2570911018664
2571317102782
2571722817809
2572128395904
2572533455947
2572938431562
2573342780363
2573747114390
2574150470915
2574553587653
2574956605176
2575359359033
2575761741550
2576164084590
2576566413446
2576968447616
2577370401374
2577772045017
2578173650003
2578575146860
2578976010000
2579376420917
2579776712480
2580176992931
2580577211035
2580977392841
2581377457520
2581777452986
2582176333808
2582575157609
2582973565913
2583371802376
2583769618070
2584167429812
2584564676684
2584961788273
2585358533663
2585755109707
2586151579108
2586547227104
2586942596826
2587337935211
2587732859331
2588127535168
2588522115867
2588916530863
2589310850045
2589704451604
2590097509172
2590490287566
2590882859625
2591275327943
2591667710169
2592060078920
2592452206249
2592844262027
2593235968408
2593627394373
2594018582454
2594409708824
2594800371465
2595190817687
2595580973764
2595970184431
2596359169612
2596748146203
2597136719946
2597524716487
2597912554629
2598299327880
2598685992700
2599072531525
2599458864628
2599844863529
2600230538859
2600615986259
2601001397927
2601386718805
2601771857272
2602156855239
2602541568273
2602925735632
2603309744292
2603692752205
2604075280313
2604457609801
2604839780612
2605221064936
2605602045972
2605982458870
2606362546029
2606742613788
2607122171895
2607501606405
2607880451357
2608258816506
2608637150215
2609015284987
2609393369731
2609771449524
2610149424480
2610527046410
2610904561978
2611281878454
2611659131203
2612035297169
2612411219901
2612787035921
2613162514127
2613537859304
2613912632220
2614287336181
2614661774151
2615035806402
2615409685656
2615783315446
2616156369411
2616529021544
2616901243459
2617273219924
2617644967202
2618016666622
2618388109251
2618759141869
2619129713438
2619500260534
2619870589236
2620240873532
2620611054848
2620981070213
2621350721700
2621720362942
2622089949929
2622459390263
2622828744352
2623197592129
2623566090825
2623934132710
2624301736242
2624669196428
2625036270806
2625403333936
2625769278895
2626134966647
2626500161601
2626865241504
2627230270327
2627595238634
2627960088906
2628324650670
2628688810375
2629052893823
2629416828224
2629780520168
2630144174175
2630507580411
2630870878504
2631233722690
2631596362167
2631958357780
2632320044237
2632680988516
2633041727176
2633402158550
2633762340291
2634122479100
2634482234539
2634841910861
2635201033263
2635559979099
2635918846551
2636277535645
2636636121669
2636994121793
2637351746325
2637709098424
2638066357013
2638423350262
2638780247117
2639136587156
2639492872963
2639849011831
2640204731962
2640560123842
2640914256141
2641268177871
2641621262249
2641974093446
2642326351179
2642678506829
2643030661038
2643382106559
2643732860606
2644083165237
2644433147144
2644782725754
2645132241445
2645481499088
2645830676682
2646179537879
2646528246762
2646876849349
2647224723624
2647572302610
2647919633492
2648266597780
2648613456546
2648960203528
2649306543956
2649652611549
2649997635774
2650342202088
2650686436433
2651030522938
2651374358283
2651717720852
2652061038808
2652404055704
2652746826073
2653089403781
2653431567445
2653773495905
2654115276849
2654457011302
2654798469451
2655139127545
2655479393655
2655819424266
2656159186073
2656498229933
2656836891268
2657175407305
2657513831528
2657852217931
2658190128120
2658527186778
2658864043094
2659200701645
2659536908175
2659873091369
2660209243222
2660545014990
2660879950418
2661214768172
2661549419758
2661883833875
2662217752432
2662551096679
2662884106147
2663217036112
2663549169000
2663880737784
2664212165468
2664543198303
2664873322073
2665203316474
2665532909630
2665862447917
2666191749833
2666520652615
2666849499645
2667177886833
2667504823546
2667831407053
2668157985507
2668484243096
2668810079602
2669135882848
2669461602553
2669787221276
2670112806337
2670437804900
2670762065776
2671085986288
2671409766487
2671733309872
2672056563209
2672378178670
2672699088269
2673019250934
2673339383265
2673659031312
2673977863023
2674296375423
2674614782032
2674931864729
2675248769142
2675565059699
2675880785554
2676196452126
2676511191820
2676825798184
2677140381909
2677454886402
2677768350552
2678081725580
2678395050911
2678707915417
2679020631286
2679332419740
2679643733058
2679954749014
2680264578433
2680574258070
2680883360555
2681192330436
2681500470276
2681808447671
2682116225676
2682423712904
2682731185607
2683038488651
2683345484803
2683652406804
2683958462111
2684264390689
2684569160640
2684873558726
2685177366461
2685481039148
2685784321702
2686087164972
2686389780380
2686692237957
2686994387134
2687296458225
2687598454845
2687899724731
2688200536877
2688501024323
2688801251476
2689101176119
2689400917500
2689700657780
2690000168188
2690299178026
2690597759013
2690896166889
2691194373416
2691492135920
2691789131146
2692085979357
2692382503210
2692678944565
2692975351739
2693271652369
2693567627116
2693863584808
2694159279875
2694454674738
2694749738178
2695044661363
2695339363293
2695633932972
2695928106524
2696222148129
2696516141276
2696809588733
2697102892361
2697395955335
2697688530714
2697980585265
2698272130070
2698563643462
2698855068810
2699146439674
2699437204100
2699727811277
2700017870359
2700307751940
2700596992007
2700886143203
2701175093605
2701463728802
2701752025873
2702039979027
2702327834325
2702615667645
2702902997412
2703189773735
2703476505447
2703763201971
2704049547864
2704335366541
2704620476835
2704905517197
2705190473313
2705475095983
2705759187090
2706042801443
2706326245183
2706609597869
2706892511531
2707175095533
2707456974925
2707738819193
2708020284102
2708300681883
2708581036678
2708861208963
2709141206691
2709420979179
2709700623690
2709980178667
2710259572550
2710538120797
2710815876231
2711093553674
2711370606411
2711647657791
2711924339250
2712200926545
2712477337360
2712753065812
2713028753697
2713304154097
2713579505167
2713854544889
2714129553240
2714404503683
2714679172302
2714953806097
2715228357828
2715502270801
2715775797589
2716048973045
2716321775017
2716594180217
2716866073376
2717137895781
2717409508151
2717680994689
2717952413536
2718223691842
2718494488577
2718765039426
2719035489871
2719305064044
2719574398831
2719843625161
2720112552425
2720381299081
2720650015292
2720918656631
2721187053863
2721454919929
2721722265213
2721988734254
2722255168056
2722521263069
2722786505984
2723051341856
2723314795801
2723578229638
2723841609959
2724104909734
2724368049202
2724629703386
2724891320500
2725151992723
2725412363087
2725672603771
2725932234204
2726191736865
2726451006758
2726709901147
2726968648415
2727226816556
2727484965136
2727743074468
2728000954447
2728258465232
2728515251654
2728771863636
2729028137873
2729284302428
2729540331252
2729795885179
2730051401499
2730306170418
2730560133406
2730813387690
2731066469970
2731319459374
2731572335152
2731824157109
2732075805817
2732326715957
2732576649305
2732826463038
2733075289145
2733324053007
2733572304575
2733820298398
2734068126178
2734315669446
2734562955163
2734809775077
2735056456729
2735303067474
2735548958025
2735794303656
2736038759367
2736282987169
2736527206121
2736771315005
2737015405538
2737259490661
2737503429015
2737747016018
2737989874759
2738232685524
2738474680045
2738716352778
2738957275919
2739198024980
2739438654191
2739678140399
2739917595330
2740156730263
2740394690203
2740632648106
2740870387043
2741107951420
2741345488050
2741582577579
2741819559807
2742056468174
2742293123851
2742528868708
2742763664101
2742997799497
2743231657761
2743465345268
2743698978303
2743931621426
2744164009750
2744395725077
2744627031168
2744858301294
2745089204411
2745320024133
2745550239084
2745779987021
2746009067110
2746237678597
2746466119359
2746694219269
2746922300275
2747150043523
2747377395106
2747604644071
2747831790630
2748058431233
2748284984808
2748511520614
2748737893556
2748964108198
2749189937952
2749415132469
2749639731560
2749864082703
2750088419635
2750312280816
2750534741305
2750756315955
2750977757580
2751199013005
2751419918496
2751640774809
2751861037830
2752080814521
2752300546629
2752519773667
2752738761176
2752957368960
2753175874611
2753393799141
2753611364500
2753828928908
2754046446216
2754263501879
2754480439828
2754696887800
2754913136052
2755129363493
2755345261509
2755561142561
2755776262001
2755991352617
2756206358319
2756420801033
2756634850336
2756848667641
2757061694442
2757274672837
2757487542420
2757700226232
2757912671039
2758124728439
2758336417909
2758547987824
2758758935244
2758969372120
2759179426414
2759389387058
2759597917808
2759806411564
2760014444694
2760222426268
2760430222304
2760637907423
2760844890846
2761051437116
2761257350074
2761462689577
2761668012381
2761873238140
2762078396598
2762283458575
2762488449589
2762693091737
2762897706969
2763101483644
2763304820240
2763507874042
2763710905844
2763913851859
2764116094376
2764317649232
2764518991024
2764720290999
2764921177643
2765121952624
2765321493753
2765520485923
2765718916050
2765916935149
2766114409336
2766311625301
2766508715466
2766705777744
2766902346523
2767098400256
2767294148039
2767488480775
2767682806800
2767876924996
2768070651617
2768263409839
2768456128353
2768648421594
2768840479292
2769031762902
2769220806730
2769409162190
2769597409083
2769785655554
2769973593998
2770161332904
2770348807568
2770536069454
2770722748748
2770909177939
2771095562197
2771281349605
2771466721385
2771651846622
2771836932698
2772021331075
2772205469969
2772389445023
2772573134015
2772756411775
2772939310923
2773121646221
2773302506041
2773483063669
2773663612846
2773843499986
2774023268164
2774202914158
2774382100782
2774560911613
2774739485074
2774917974347
2775096192979
2775273868954
2775451499801
2775628622348
2775805611153
2775982564316
2776159068042
2776335487266
2776510332358
2776684661591
2776858978939
2777033290789
2777206987653
2777380492397
2777553784741
2777726583299
2777898689881
2778070289218
2778241704543
2778412897629
2778583519144
2778754078996
2778924524217
2779094963605
2779264284980
2779433295566
2779602037923
2779770124732
2779938150576
2780105474092
2780272775901
2780439947920
2780606984027
2780773167371
2780939330512
2781105456397
2781271543886
2781437559161
2781603303630
2781768659268
2781933575166
2782097839508
2782262096383
2782426220121
2782590267570
2782754046378
2782917058803
2783080057777
2783242657054
2783404972310
2783566832345
2783728577971
2783888998261
2784048979732
2784208783974
2784368555196
2784527961975
2784687321230
2784846526715
2785005264265
2785163383091
2785321311876
2785479090224
2785636429576
2785793722481
2785950977276
2786108104093
2786265219842
2786421777321
2786578305808
2786734478727
2786890565445
2787046493948
2787202273130
2787357796676
2787513161692
2787668436945
2787823610135
2787978486963
2788133247800
2788287927398
2788442523245
2788596136254
2788749383192
2788902153673
2789054757989
2789207042821
2789358987150
2789510619354
2789661989420
2789813040651
2789964021116
2790114496256
2790264850907
2790415128142
2790565322404
2790715469211
2790865485312
2791015311961
2791165047546
2791314333989
2791463367732
2791612298478
2791759410628
2791906457994
2792053395034
2792200309421
2792346609064
2792492742550
2792638458935
2792784086134
2792929629955
2793075089475
2793220178869
2793364657281
2793507937640
2793650504583
2793793015341
2793934723429
2794076001701
2794216618537
2794357185990
2794497700640
2794638012069
2794778316075
2794918501467
2795058602551
2795198006754
2795337115361
2795475846291
2795614379065
2795752194542
2795890003556
2796027707725
2796165309079
2796302840059
2796440026704
2796577202825
2796714294603
2796851294916
2796988069429
2797124713612
2797261336492
2797397734832
2797534096378
2797670280098
2797805968592
2797941405168
2798076473262
2798210774059
2798345036399
2798478746095
2798612437385
2798745548250
2798877515684
2799009044375
2799139662724
2799270075196
2799399249597
2799527943630
2799656557520
2799784848663
2799913049707
2800041239810
2800169386374
2800297249085
2800424320780
2800549561873
2800674374088
2800798649522
2800922210099
2801045590803
2801168372380
2801291106748
2801413568223
2801535772155
2801657382556
2801778373137
2801899348719
2802019990020
2802140533280
2802260914831
2802380787703
2802500124537
2802619290307
2802738034798
2802856264362
2802973786924
2803090866917
2803207419615
2803323425736
2803439189815
2803554833007
2803670358344
2803785712306
2803901059850
2804016388410
2804130269919
2804243998469
2804357608673
2804471138514
2804584503835
2804697510257
2804809926584
2804922337574
2805034129240
2805145174362
2805256085420
2805366909688
2805477274440
2805586835187
2805696266775
2805805397726
2805913871567
2806022229793
2806130299028
2806238211325
2806345609107
2806452661060
2806559664384
2806666111437
2806772101916
2806878091461
2806983707439
2807088906456
2807193813197
2807298518472
2807401532995
2807504204071
2807606765730
2807709242899
2807810776627
2807912099395
2808012857997
2808113394212
2808213288257
2808312312268
2808411315624
2808510105977
2808608738661
2808706208490
2808801906319
2808897561583
2808992889570
2809088150811
2809183335340
2809278427565
2809373180914
2809467184221
2809561082676
2809654639169
2809747432608
2809839516274
2809931479655
2810022925801
2810113440301
2810203932734
2810294315162
2810384310010
2810474223063
2810563473013
2810652695948
2810741819557
2810830758582
2810919554375
2811007929927
2811095915007
2811183276593
2811270003992
2811356435191
2811441125213
2811525721930
2811609886746
2811693546480
2811777116952
2811860533003
2811943886470
2812026787868
2812109121608
2812190856710
2812272074154
2812353102647
2812433618042
2812513927036
2812594156666
2812674211137
2812754094494
2812833715298
2812912670357
2812991426198
2813069752348
2813147881932
2813225898172
2813303784174
2813381642608
2813458976360
2813535926136
2813611406903
2813686136802
2813760389958
2813834539168
2813908541319
2813982469506
2814055592442
2814128475786
2814201011488
2814271631343
2814342145505
2814412653161
2814483027508
2814552428564
2814620955428
2814689415946
2814757606133
2814825613835
2814893412868
2814961101426
2815027360937
2815093397676
2815158783644
2815224003215
2815287975493
2815351775544
2815414991397
2815478035836
2815541027216
2815603606643
2815665448164
2815726575202
2815787623895
2815848457824
2815908758316
2815968367598
2816027962960
2816086220201
2816142837501
2816199074795
2816254257504
2816308825801
2816362890848
2816416651729
2816470206507
2816522616679
2816574775372
2816625856603
2816676902068
2816725635549
2816773173939
2816819696527
2816865615257
2816910804090
2816955889451
2817000410131
2817044172337
2817087821948
2817131352788
2817173820019
2817215902028
2817257853961
2817299442393
2817340937625
2817382230285
2817423092806
2817463206050
2817503282033
2817542269793
2817580173130
2817616515208
2817652512739
2817687960382
2817722994207
2817757379438
2817790839124
2817824293787
2817857448140
2817890167865
2817922705676
2817953700036
2817984591197
2818015009679
2818045117091
2818075220173
2818105295201
2818135289647
2818165136242
2818194732085
2818224177366
2818253389891
2818282565295
2818311386851
2818339940938
2818368178976
2818396327280
2818424311928
2818452002217
2818479037721
2818506068161
2818532733374
2818558625820
2818584130403
2818609490140
2818634586550
2818659522669
2818681530089
2818703385814
2818725175197
2818746793110
2818767970499
2818788766602
2818809544178
2818829979707
2818850293873
2818870394023
2818889725549
2818908948877
2818926049655
2818942818021
2818958866690
2818974693705
2818989634080
2819004434554
2819019213339
2819033640552
2819047576891
2819061382859
2819075069784
2819088735700
2819100873442
2819112894758
2819124505283
2819136017558
2819147206185
2819158132369
2819168464380
2819178703105
2819188036760
2819196985140
2819205586178
2819212529295
2819219340794
2819226096435
2819231155887
2819235802662
2819239919780
2819243809130
2819247321530
2819250472403
2819253310321
2819255257935
2819257139371
2819258751036
2819258770429
2819258256983
2819257332770
2819256198673
2819254300236
2819250502809
2819242411486
2819234034475
2819224424322
2819213774182
2819203066733
2819191559022
2819177368127
2819162888814
2819148231533
2819133357878
2819117260164
2819101015502
2819082849007
2819063823837
2819042804532
2819021564765
2818999296167
2818976317806
2818948315841
2818917500707
2818886103025
2818851980888
2818816253024
2818778622780
2818739597305
2818697432782
2818654250092
2818610286256
2818563065273
2818514561814
2818460838078
2818406397043
2818350235912
2818289770771
2818228868848
2818164879171
2818100883518
2818032629694
2817961808338
2817888970960
2817815069835
2817738422094
2817661513122
2817583715347
2817504238683
2817424183412
2817342678781
2817261017959
2817179135294
2817097190064
2817015064146
2816932745539
2816849074225
2816758123974
2816666425843
2816571330073
2816472720634
2816373936174
2816273925316
2816173104065
2816069063605
2815963011230
2815854842336
2815744855872
2815634636437
2815524079043
2815412907510
2815301275096
2815189383960
2815076739810
2814964086446
2814851099841
2814736982123
2814621538303
2814505267471
2814387672212
2814268143398
2814148512017
2814028031984
2813899094241
2813768585058
2813637995519
2813506660853
2813374825354
2813238210385
2813098359678
2812957966314
2812817383363
2812672635834
2812526143333
2812376479365
2812223492719
2812068154969
2811911561154
2811754833247
2811595918749
2811436190006
2811275705639
2811114674426
2810951205048
2810786855775
2810621285351
2810449678655
2810276043293
2810101447713
2809926490053
2809750695276
2809574793113
2809398335488
2809221403471
2809042961475
2808862127801
2808680349090
2808496346701
2808302873774
2808104916079
2807905705207
2807705658909
2807504552018
2807302421188
2807096743695
2806884708651
2806669788651
2806451607919
2806230149733
2806004238619
2805770302171
2805530868698
2805291030370
2805050292861
2804809521569
2804568601785
2804326150944
2804083544106
2803840835069
2803597334859
2803352987216
2803105250910
2802851065880
2802595420507
2802338532133
2802081211771
2801823132253
2801564174201
2801305128961
2801045447549
2800785750620
2800525234264
2800264103029
2800002340081
2799739004444
2799475259504
2799210735093
2798943029194
2798673596154
2798404118534
2798134231314
2797863762699
2797592581573
2797321047552
2797049128087
2796775132017
2796498650550
2796220850430
2795936642652
2795652111574
2795365277300
2795078124924
2794790586334
2794502526002
2794211333375
2793917373897
2793621870183
2793326006977
2793028759836
2792730534902
2792431886220
2792127702049
2791823010563
2791515977677
2791206534203
2790892596140
2790576425318
2790254011448
2789931524670
2789603251566
2789272647955
2788931595440
2788585394250
2788238835018
2787891061725
2787537103433
2787182256172
2786826736067
2786469467396
2786110196281
2785749644308
2785387788968
2785025634276
2784660123331
2784291938224
2783917384406
2783542786864
2783168044838
2782792279075
2782414913440
2782034741967
2781652424373
2781269995004
2780880901243
2780490904888
2780098617758
2779706252023
2779313648414
2778917061478
2778517343841
2778114704915
2777708489010
2777297629565
2776883074350
2776463658723
2776041297234
2775618397030
2775191380461
2774762449166
2774331402971
2773896705553
2773461444755
2773022719422
2772578421110
2772133285759
2771686577593
2771239267855
2770791841083
2770334020925
2769872114047
2769408071887
2768941389615
2768464438447
2767986751031
2767507736008
2767026053896
2766540891005
2766053002366
2765564033609
2765074819537
2764585112607
2764091881380
2763597189993
2763099986998
2762587642765
2762060750711
2761528883235
2760994555474
2760459285964
2759921466024
2759382162023
2758825362252
2758268188829
2757709623061
2757145876270
2756581842695
2756007482297
2755421188842
2754832200006
2754240486070
2753648490208
2753053143408
2752456644199
2751853150432
2751244119401
2750632340038
2750015144399
2749396352029
2748777455390
2748156931510
2747530050674
2746898691262
2746262088279
2745624715219
2744984333363
2744337053358
2743681099348
2743021214446
2742360569142
2741681146163
2741000922599
2740291875172
2739580837610
2738867200529
2738133640094
2737399415143
2736662467548
2735925484012
2735181926301
2734436259099
2733690458890
2732941769618
2732190658150
2731435776411
2730677323265
2729911802767
2729141381292
2728369166668
2727578599414
2726773905261
2725966908491
2725159482828
2724341248433
2723518643912
2722681030651
2721841747324
2720997549977
2720139736372
2719277722807
2718396374300
2717512206173
2716623473057
2715732621486
2714841197173
2713930686123
2713005188979
2712076590740
2711146930573
2710208363969
2709267642014
2708323190543
2707377436071
2706424230391
2705470419406
2704514473354
2703550434879
2702581229691
2701610292504
2700619549101
2699619080625
2698614871368
2697607398945
2696597871171
2695571051197
2694541806108
2693505558616
2692468564661
2691407283536
2690332914717
2689242623253
2688143898038
2687043717575
2685942790163
2684831275589
2683688383059
2682529546029
2681359333455
2680187564872
2679015107931
2677838781725
2676659108140
2675470271228
2674249833273
2673010435504
2671768508416
2670510397669
2669246975044
2667968402130
2666688318747
2665378685262
2664066879463
2662749559968
2661421573083
2660039305187
2658631581273
2657218047083
2655770313502
2654322508336
2652861871708
2651400203530
2649922295821
2648429045606
2646905853599
2645379257502
2643843648699
2642274496392
2640675720664
2639075792550
2637433312855
2635785838177
2634126337534
2632461755474
2630785232066
2629091884696
2627397498618
2625699606912
2623947708093
2622150964374
2620353030862
2618533308614
2616706672555
2614869578130
2613028362797
2611179606012
2609319666817
2607456738371
2605538322815
2603613778315
2601685100845
2599745618543
2597748668761
2595731885928
2593678406796
2591567854401
2589358792357
2587111293363
2584854384042
2582577214116
2580292387288
2577953343914
2575613716831
2573257479743
2570681704294
2568036482756
2565389633565
2562658097347
2559912377539
2557129469022
2554254201707
2551250550659
2548175116597
2545026827201
2541848029386
2538551618464
2534985434686
2531329874413
2527668091484
2523830674702
2519958369007
2516043961757
2511659326235
2507196413485
2502588512602
2497722214449
2492831248141
2487826812128
2482247382444
2476535559863
2470387203446
2463874545565
2456630036894
2448999302838
2437107473436
2423503817399
2409785294241
