999798427
1997293659
2994770306
3992048900
4989148603
5986177485
6982822448
7978552746
8974040421
9969117403
10963795642
11958334869
12952310694
13945333703
14937943681
15928743610
16919237311
17908899119
18898131135
19887244094
20876166794
21864849714
22853422341
23841951923
24829958043
25817645496
26804483706
27790477499
28776220090
29761463834
30745937517
31730327578
32714574851
33698785867
34682983167
35665433920
36647083630
37627978672
38608649596
39589125260
40568555712
41547618043
42526447943
43504839663
44483121098
45461273619
46439092738
47416187374
48393086029
49367760252
50341360930
51314089190
52286702421
53258716359
54230028401
55200465491
56170617254
57139914808
58106011347
59071837982
60037659896
61002709943
61967309751
62931453889
63895206013
64858522846
65821633447
66783986618
67746213360
68707813035
69668528151
70629117558
71589158233
72546798619
73504360674
74461841905
75419035506
76376123355
77332297791
78287035757
79241769984
80196442840
81150505120
82103827781
83056710196
84009387257
84960987798
85911058242
86860565422
87810064202
88756915212
89703583137
90649916131
91596098218
92541344583
93485741923
94429894890
95373513804
96314691202
97255669838
98196422917
99135708790
100074772824
101013289294
101951008024
102888716005
103823252042
104756457784
105688754426
106619539594
107548892325
108477603728
109405871260
110333743391
111260409715
112186269104
113111994502
114037260719
114962458596
115886822343
116810871769
117734665621
118657646188
119579716198
120500243412
121420378132
122340252230
123259677667
124178421484
125094110667
126009234267
126924001538
127838380199
128752571019
129666270100
130579271753
131490358029
132399926318
133308939334
134217846487
135126744449
136034658643
136941946567
137847488607
138751460253
139655270095
140558232793
141460476220
142361886908
143263045054
144163536617
145063415233
145962941004
146862092443
147760123274
148657227786
149552169845
150447024051
151338959467
152230543270
153121191750
154011784650
154902199772
155792528688
156682728162
157572297180
158461129441
159349575306
160237478398
161125157145
162011836882
162898377703
163784672820
164670663437
165555101431
166438027466
167319883494
168201371641
169082751976
169963515080
170844122243
171724574586
172603539654
173482117114
174359838503
175237129157
176113793792
176989411664
177864488459
178739431191
179613643939
180487535098
181360878374
182234199060
183106693434
183979090949
184851034496
185721741286
186592390802
187461309318
188329336630
189194775975
190059903875
190924728414
191789144692
192653024921
193516353029
194378796536
195241074960
196103049129
196964801901
197825277567
198684745979
199544181697
200403222797
201262226154
202120606147
202978422906
203835863213
204692531624
205548849556
206404885748
207260775646
208116366317
208970468794
209823928341
210677135612
211530292766
212383275306
213236046968
214088328236
214939891162
215790741381
216641193687
217491172916
218340873768
219187830204
220034641103
220880898400
221726604790
222570512785
223414316993
224256884889
225099365326
225941580577
226783483123
227623314383
228462169106
229300294292
230138349120
230976011635
231813112733
232649690755
233486031935
234319211804
235149161123
235978899799
236807148794
237634030123
238460244647
239285945341
240111237917
240936030765
241760593361
242584982799
243407423713
244229569920
245051678039
245873561998
246695212157
247516544423
248337356586
249156324305
249973767788
250789917201
251606066194
252421105757
253235528679
254049165364
254861858915
255673530664
256484884371
257296033468
258106134104
258916166943
259725785540
260534611153
261343249141
262151329421
262958503279
263765575461
264571023011
265373909532
266176794247
266979208528
267781367527
268582111076
269382814106
270182296202
270981558960
271780620248
272579519179
273378309271
274176159261
274973917550
275771513215
276566459782
277361028775
278155482888
278946859009
279737567355
280525946126
281314130034
282101825009
282889498082
283675928368
284460509469
285245072591
286029340988
286813572402
287594712051
288375084224
289155212853
289934127134
290712199093
291488121764
292263973309
293039525284
293813116004
294586544523
295357827590
296128053677
296896721660
297664705535
298432432479
299199439972
299964629101
300727300702
301488240197
302248637429
303008848500
303768704268
304528116660
305287272348
306046323517
306803192887
307559874876
308315825917
309071079515
309825412617
310578835126
311331688427
312084387664
312836634159
313587861950
314338219243
315087815975
315836193930
316584388379
317332371888
318079921312
318826980251
319573003932
320318599218
321063294120
321807840294
322552041089
323295926872
324038514598
324779716446
325520120120
326259371706
326997309325
327734046862
328470236765
329205987451
329941149580
330673593485
331405657152
332136930759
332868148646
333597374101
334324959615
335051186937
335776880595
336502276564
337226930534
337951542302
338674498361
339397231055
340118851877
340840023909
341561069863
342280474670
342997174229
343713415121
344429365139
345145116364
345860726705
346576040586
347291058414
348005282065
348719454082
349433391446
350147136211
350859142670
351570366298
352281191291
352990502273
353699456650
354408166554
355115913132
355823538273
356526489692
357225553838
357923700685
358621790747
359318364352
360014438134
360710380777
361406191085
362100079391
362793409471
363486351709
364178183656
364868204042
365555570060
366242727722
366929476493
367615864234
368301699774
368987196526
369672431700
370357500960
371042253479
371725116760
372407918889
373089272834
373770360213
374450107499
375129305865
375808383730
376487184449
377164875564
377839743931
378513038814
379184944702
379856246479
380526881846
381195719399
381864031742
382531303392
383198233901
383864897897
384530224089
385195204963
385859543884
386523728969
387187031341
387847381567
388507612258
389165940150
389824104398
390475918509
391127557966
391778609958
392427137813
393073351225
393719168058
394364643188
395008258354
395651614022
396294857999
396937277357
397578132509
398218240502
398857214522
399495610477
400133325792
400770671665
401407158416
402043607868
402678513684
403313416621
403947598293
404581712085
405214348571
405846525635
406477894191
407108316234
407733637108
408358717064
408983046018
409606574445
410230046824
410850114685
411469913660
412089085069
412705916955
413322744357
413939518511
414555264863
415170700546
415783062614
416394443949
417004308225
417613736646
418223072648
418831579249
419439687944
420047332801
420654283980
421261110342
421867505184
422471202852
423074856462
423678206464
424280826946
424883211805
425482278959
426081216036
426679344367
427276136386
427872429061
428468561975
429059479659
429648994140
430237489734
430825556830
431412091991
431993248258
432574403880
433153993212
433732985360
434311061208
434886385759
435461491891
436035018121
436607275294
437179441430
437749608542
438318091128
438884955168
439449222135
440013363274
440576247033
441138750829
441701215539
442262999230
442824207544
443385021180
443942780174
444499179982
445054554441
445608539448
446162498743
446715883666
447268674525
447821296630
448372866014
448923350694
449473667177
450022149284
450569946349
451116797135
451663613068
452209915516
452755864175
453301302695
453843763347
454386073450
454928251260
455464885250
456000934601
456536853624
457069085755
457600941376
458131629056
458661190032
459189488199
459716581980
460243034933
460768768763
461293224832
461816295800
462335527611
462854183187
463370668881
463886250213
464401216662
464915691759
465429229543
465942376682
466449387941
466955572547
467461316369
467966855086
468471671435
468974516436
469474999591
469974564020
470472255679
470969746645
471465877672
471961759175
472456237052
472950509595
473443698580
473936344115
474422741637
474908651784
475393242064
475877763410
476359410738
476837286700
477313134913
477787107622
478260204257
478732967506
479205268688
479676413467
480146296903
480615523923
481084421461
481553106474
482021777381
482489870753
482957795679
483421321185
483881921407
484342134878
484801069372
485256414318
485711303079
486162426117
486612157883
487061788592
487511123677
487959796297
488407321286
488852718506
489297068880
489737531629
490177421948
490616973251
491053593510
491488330495
491922782753
492352923502
492782734229
493211458450
493640130671
494067734889
494494369630
494920706199
495344812526
495766976947
496189011417
496610599909
497031386577
497449948931
497868508673
498286233461
498699312779
499111721499
499521869394
499931871055
500340780726
500748624534
501155635671
501559748813
501962771539
502364861813
502766790978
503168160913
503568375569
503967902273
504366530575
504760526343
505151140126
505538661498
505923710741
506307541078
506691006136
507073486378
507454539871
507834025658
508212840627
508591103333
508967799211
509342180732
509713943412
510084318683
510454521950
510824582613
511190931321
511556638755
511920960677
512285280745
512648675888
513011688039
513373368447
513733788142
514092823130
514451192351
514808499553
515165360819
515521311246
515875573088
516225013499
516574365374
516923328115
517268377958
517612763496
517953658979
518293262629
518632334095
518971077188
519309551798
519645198627
519978733199
520309368150
520639303393
520965474800
521291221645
521614479750
521933267136
522251812604
522568035962
522882644415
523196325886
523507983680
523816455882
524123446931
524430295003
524736840371
525041839562
525344946058
525645456100
525945615717
526244166763
526542717054
526838163080
527132824950
527425308062
527717015154
528008599407
528299789909
528590615357
528881026073
529167043680
529448850123
529730099919
530010407803
530289186787
530567139936
530844578999
531121839416
531398892466
531672880460
531944717382
532213342822
532481586100
532748335560
533014673693
533280243119
533542764330
533803350460
534063338484
534321536989
534579661851
534837193455
535094441323
535350993175
535607312424
535862475616
536117563366
536370159850
536622349616
536873074047
537123744946
537373365405
537622320569
537870260377
538117446174
538363528780
538606343045
538847037213
539085408329
539321358570
539557110640
539790829420
540021998542
540252369001
540481684530
540709490750
540936070712
541158679389
541381280946
541600533462
541818912635
542035819578
542251615014
542465276183
542676668530
542884340437
543089821679
543290206501
543490424738
543685839600
543879322709
544072279407
544264093470
544455228073
544645212984
544834336082
545022748272
545210978648
545398869081
545586109602
545769869704
545953164139
546130262432
546305906675
546478535151
546650507399
546822060143
546993081497
547160317562
547326008728
547491341891
547655966015
547818247450
547977858102
548135906505
548293452756
548450151359
548603986257
548756979398
548909440249
549061791647
549207409807
549351706620
549495141020
549636843238
549776995062
549912960085
550048738083
550184452864
550319681098
550452973277
550583976829
550713714079
550840416995
550964309645
551085408040
551203410178
551321009690
551438340029
551555664801
551669695658
551783188388
551894996714
552003848084
552111646419
552217948387
552323979164
552419900433
552514103983
552605119596
552695668293
552785662844
552872796643
552955082096
553034052682
553110910149
553185380377
553256683129
553326812803
553395073000
553462773230
553527402308
553589609456
553648736330
553703777699
553758165025
553807906674
553857338926
553905422042
553948820252
553988058512
554026521723
554062882181
554099001710
554134505018
554167406459
554199118628
554229674115
554258577582
554284637842
554300944742
554310871754
554318101014
554323391019
554328316748
554332650146
554336573288
554336925829
554328461131
554315925423
554291651940
554266515136
554236441108
554199629322
554152329112
554099511308
554043959559
553985838403
553917586744
553844093000
553770031211
553690571490
553609525715
553518706597
553401399181
553284047848
553142041734
552992018583
552841831914
552677491294
552505317130
552321386888
552131088815
551938592204
551730843318
551503521738
551268235862
551015885548
550763186608
550485426034
550187194515
549871852953
549526273181
549146030673
548759655484
548372975606
547982945277
547568562636
547137697552
546702045747
546232109723
545759179378
545278716762
544768175033
544250524929
543732627426
543208146627
542681283700
542143286870
541597805921
541028140802
540446773931
539842770614
539226994437
538610840494
537977705491
537335026511
536647498053
535915348594
535176550774
534430860469
533684507252
532922558952
532140184254
531277860939
530385104324
529480090894
528562672801
527644375755
526675943766
525593152129
524498457545
523376737292
522196735424
521016407007
519834881614
518591429695
517330914378
515966166095
514549325628
512831021402
510993945802
509128263777
506553272989
503944395557
501277916401
498604342327
492497682528
482920512127
470572156633
